<?xml version="1.0" encoding="UTF-8"?>
<!-- Generated by org.testng.reporters.JUnitXMLReporter -->
<testsuite hostname="FOCUS-QA-10" name="Default test" tests="234" failures="1" timestamp="18 Oct 2022 06:24:17 GMT" time="14.174" errors="0">
  <testcase name="@AfterMethod afterMethodExecution" time="0.0" classname="com.focus.testcases.FinancialReportsXTest">
    <failure type="org.openqa.selenium.WebDriverException" message="java.net.ConnectException: Failed to connect to localhost/127.0.0.1:15837
Build info: version: &amp;apos;3.12.0&amp;apos;, revision: &amp;apos;7c6e0b3&amp;apos;, time: &amp;apos;2018-05-08T14:04:26.12Z&amp;apos;
System info: host: &amp;apos;FOCUS-QA-10&amp;apos;, ip: &amp;apos;192.168.4.206&amp;apos;, os.name: &amp;apos;Windows 10&amp;apos;, os.arch: &amp;apos;amd64&amp;apos;, os.version: &amp;apos;10.0&amp;apos;, java.version: &amp;apos;1.8.0_111&amp;apos;
Driver info: driver.version: RemoteWebDriver">
      <![CDATA[org.openqa.selenium.WebDriverException: java.net.ConnectException: Failed to connect to localhost/127.0.0.1:15837
Build info: version: '3.12.0', revision: '7c6e0b3', time: '2018-05-08T14:04:26.12Z'
System info: host: 'FOCUS-QA-10', ip: '192.168.4.206', os.name: 'Windows 10', os.arch: 'amd64', os.version: '10.0', java.version: '1.8.0_111'
Driver info: driver.version: RemoteWebDriver
	at org.openqa.selenium.remote.service.DriverCommandExecutor.execute(DriverCommandExecutor.java:92)
	at org.openqa.selenium.remote.RemoteWebDriver.execute(RemoteWebDriver.java:543)
	at org.openqa.selenium.remote.RemoteWebDriver.execute(RemoteWebDriver.java:600)
	at org.openqa.selenium.remote.RemoteWebDriver.getScreenshotAs(RemoteWebDriver.java:289)
	at com.focus.utilities.ScreenshotUtility.screenshot(ScreenshotUtility.java:19)
	at com.focus.base.BaseEngine.afterMethodExecution(BaseEngine.java:181)
	at sun.reflect.NativeMethodAccessorImpl.invoke0(Native Method)
	at sun.reflect.NativeMethodAccessorImpl.invoke(Unknown Source)
	at sun.reflect.DelegatingMethodAccessorImpl.invoke(Unknown Source)
	at java.lang.reflect.Method.invoke(Unknown Source)
	at org.testng.internal.MethodInvocationHelper.invokeMethod(MethodInvocationHelper.java:86)
	at org.testng.internal.Invoker.invokeConfigurationMethod(Invoker.java:514)
	at org.testng.internal.Invoker.invokeConfigurations(Invoker.java:215)
	at org.testng.internal.Invoker.invokeMethod(Invoker.java:707)
	at org.testng.internal.Invoker.invokeTestMethod(Invoker.java:820)
	at org.testng.internal.Invoker.invokeTestMethods(Invoker.java:1128)
	at org.testng.internal.TestMethodWorker.invokeTestMethods(TestMethodWorker.java:129)
	at org.testng.internal.TestMethodWorker.run(TestMethodWorker.java:112)
	at org.testng.TestRunner.privateRun(TestRunner.java:782)
	at org.testng.TestRunner.run(TestRunner.java:632)
	at org.testng.SuiteRunner.runTest(SuiteRunner.java:366)
	at org.testng.SuiteRunner.runSequentially(SuiteRunner.java:361)
	at org.testng.SuiteRunner.privateRun(SuiteRunner.java:319)
	at org.testng.SuiteRunner.run(SuiteRunner.java:268)
	at org.testng.SuiteRunnerWorker.runSuite(SuiteRunnerWorker.java:52)
	at org.testng.SuiteRunnerWorker.run(SuiteRunnerWorker.java:86)
	at org.testng.TestNG.runSuitesSequentially(TestNG.java:1244)
	at org.testng.TestNG.runSuitesLocally(TestNG.java:1169)
	at org.testng.TestNG.run(TestNG.java:1064)
	at org.testng.remote.AbstractRemoteTestNG.run(AbstractRemoteTestNG.java:114)
	at org.testng.remote.RemoteTestNG.initAndRun(RemoteTestNG.java:251)
	at org.testng.remote.RemoteTestNG.main(RemoteTestNG.java:77)
Caused by: java.net.ConnectException: Failed to connect to localhost/127.0.0.1:15837
	at okhttp3.internal.connection.RealConnection.connectSocket(RealConnection.java:240)
	at okhttp3.internal.connection.RealConnection.connect(RealConnection.java:158)
	at okhttp3.internal.connection.StreamAllocation.findConnection(StreamAllocation.java:256)
	at okhttp3.internal.connection.StreamAllocation.findHealthyConnection(StreamAllocation.java:134)
	at okhttp3.internal.connection.StreamAllocation.newStream(StreamAllocation.java:113)
	at okhttp3.internal.connection.ConnectInterceptor.intercept(ConnectInterceptor.java:42)
	at okhttp3.internal.http.RealInterceptorChain.proceed(RealInterceptorChain.java:147)
	at okhttp3.internal.http.RealInterceptorChain.proceed(RealInterceptorChain.java:121)
	at okhttp3.internal.cache.CacheInterceptor.intercept(CacheInterceptor.java:93)
	at okhttp3.internal.http.RealInterceptorChain.proceed(RealInterceptorChain.java:147)
	at okhttp3.internal.http.RealInterceptorChain.proceed(RealInterceptorChain.java:121)
	at okhttp3.internal.http.BridgeInterceptor.intercept(BridgeInterceptor.java:93)
	at okhttp3.internal.http.RealInterceptorChain.proceed(RealInterceptorChain.java:147)
	at okhttp3.internal.http.RetryAndFollowUpInterceptor.intercept(RetryAndFollowUpInterceptor.java:125)
	at okhttp3.internal.http.RealInterceptorChain.proceed(RealInterceptorChain.java:147)
	at okhttp3.internal.http.RealInterceptorChain.proceed(RealInterceptorChain.java:121)
	at okhttp3.RealCall.getResponseWithInterceptorChain(RealCall.java:200)
	at okhttp3.RealCall.execute(RealCall.java:77)
	at org.openqa.selenium.remote.internal.OkHttpClient.execute(OkHttpClient.java:105)
	at org.openqa.selenium.remote.HttpCommandExecutor.execute(HttpCommandExecutor.java:155)
	at org.openqa.selenium.remote.service.DriverCommandExecutor.execute(DriverCommandExecutor.java:83)
	... 31 more
Caused by: java.net.ConnectException: Connection refused: connect
	at java.net.DualStackPlainSocketImpl.waitForConnect(Native Method)
	at java.net.DualStackPlainSocketImpl.socketConnect(Unknown Source)
	at java.net.AbstractPlainSocketImpl.doConnect(Unknown Source)
	at java.net.AbstractPlainSocketImpl.connectToAddress(Unknown Source)
	at java.net.AbstractPlainSocketImpl.connect(Unknown Source)
	at java.net.PlainSocketImpl.connect(Unknown Source)
	at java.net.SocksSocketImpl.connect(Unknown Source)
	at java.net.Socket.connect(Unknown Source)
	at okhttp3.internal.platform.Platform.connectSocket(Platform.java:125)
	at okhttp3.internal.connection.RealConnection.connectSocket(RealConnection.java:238)
	... 51 more
]]>
    </failure>
  </testcase> <!-- @AfterMethod afterMethodExecution -->
  <testcase name="@BeforeMethod beforeMethodExecution" time="0.0" classname="com.focus.testcases.FinancialReportsXTest">
    <skipped/>
  </testcase> <!-- @BeforeMethod beforeMethodExecution -->
  <testcase name="@AfterMethod afterMethodExecution" time="0.0" classname="com.focus.testcases.FinancialReportsXTest">
    <skipped/>
  </testcase> <!-- @AfterMethod afterMethodExecution -->
  <testcase name="@BeforeMethod beforeMethodExecution" time="0.0" classname="com.focus.testcases.FinancialReportsXTest">
    <skipped/>
  </testcase> <!-- @BeforeMethod beforeMethodExecution -->
  <testcase name="@AfterMethod afterMethodExecution" time="0.0" classname="com.focus.testcases.FinancialReportsXTest">
    <skipped/>
  </testcase> <!-- @AfterMethod afterMethodExecution -->
  <testcase name="@BeforeMethod beforeMethodExecution" time="0.0" classname="com.focus.testcases.FinancialReportsXTest">
    <skipped/>
  </testcase> <!-- @BeforeMethod beforeMethodExecution -->
  <testcase name="@AfterMethod afterMethodExecution" time="0.0" classname="com.focus.testcases.FinancialReportsXTest">
    <skipped/>
  </testcase> <!-- @AfterMethod afterMethodExecution -->
  <testcase name="@BeforeMethod beforeMethodExecution" time="0.0" classname="com.focus.testcases.FinancialReportsXTest">
    <skipped/>
  </testcase> <!-- @BeforeMethod beforeMethodExecution -->
  <testcase name="@AfterMethod afterMethodExecution" time="0.0" classname="com.focus.testcases.FinancialReportsXTest">
    <skipped/>
  </testcase> <!-- @AfterMethod afterMethodExecution -->
  <testcase name="@BeforeMethod beforeMethodExecution" time="0.0" classname="com.focus.testcases.FinancialReportsXTest">
    <skipped/>
  </testcase> <!-- @BeforeMethod beforeMethodExecution -->
  <testcase name="@AfterMethod afterMethodExecution" time="0.0" classname="com.focus.testcases.FinancialReportsXTest">
    <skipped/>
  </testcase> <!-- @AfterMethod afterMethodExecution -->
  <testcase name="@BeforeMethod beforeMethodExecution" time="0.0" classname="com.focus.testcases.FinancialReportsXTest">
    <skipped/>
  </testcase> <!-- @BeforeMethod beforeMethodExecution -->
  <testcase name="@AfterMethod afterMethodExecution" time="0.0" classname="com.focus.testcases.FinancialReportsXTest">
    <skipped/>
  </testcase> <!-- @AfterMethod afterMethodExecution -->
  <testcase name="@BeforeMethod beforeMethodExecution" time="0.0" classname="com.focus.testcases.FinancialReportsXTest">
    <skipped/>
  </testcase> <!-- @BeforeMethod beforeMethodExecution -->
  <testcase name="@AfterMethod afterMethodExecution" time="0.0" classname="com.focus.testcases.FinancialReportsXTest">
    <skipped/>
  </testcase> <!-- @AfterMethod afterMethodExecution -->
  <testcase name="@BeforeMethod beforeMethodExecution" time="0.0" classname="com.focus.testcases.FinancialReportsXTest">
    <skipped/>
  </testcase> <!-- @BeforeMethod beforeMethodExecution -->
  <testcase name="@AfterMethod afterMethodExecution" time="0.0" classname="com.focus.testcases.FinancialReportsXTest">
    <skipped/>
  </testcase> <!-- @AfterMethod afterMethodExecution -->
  <testcase name="@BeforeMethod beforeMethodExecution" time="0.0" classname="com.focus.testcases.FinancialReportsXTest">
    <skipped/>
  </testcase> <!-- @BeforeMethod beforeMethodExecution -->
  <testcase name="@AfterMethod afterMethodExecution" time="0.0" classname="com.focus.testcases.FinancialReportsXTest">
    <skipped/>
  </testcase> <!-- @AfterMethod afterMethodExecution -->
  <testcase name="@BeforeMethod beforeMethodExecution" time="0.0" classname="com.focus.testcases.FinancialReportsXTest">
    <skipped/>
  </testcase> <!-- @BeforeMethod beforeMethodExecution -->
  <testcase name="@AfterMethod afterMethodExecution" time="0.0" classname="com.focus.testcases.FinancialReportsXTest">
    <skipped/>
  </testcase> <!-- @AfterMethod afterMethodExecution -->
  <testcase name="@BeforeMethod beforeMethodExecution" time="0.0" classname="com.focus.testcases.FinancialReportsXTest">
    <skipped/>
  </testcase> <!-- @BeforeMethod beforeMethodExecution -->
  <testcase name="@AfterMethod afterMethodExecution" time="0.0" classname="com.focus.testcases.FinancialReportsXTest">
    <skipped/>
  </testcase> <!-- @AfterMethod afterMethodExecution -->
  <testcase name="@BeforeMethod beforeMethodExecution" time="0.0" classname="com.focus.testcases.FinancialReportsXTest">
    <skipped/>
  </testcase> <!-- @BeforeMethod beforeMethodExecution -->
  <testcase name="@AfterMethod afterMethodExecution" time="0.0" classname="com.focus.testcases.FinancialReportsXTest">
    <skipped/>
  </testcase> <!-- @AfterMethod afterMethodExecution -->
  <testcase name="@BeforeMethod beforeMethodExecution" time="0.0" classname="com.focus.testcases.FinancialReportsXTest">
    <skipped/>
  </testcase> <!-- @BeforeMethod beforeMethodExecution -->
  <testcase name="@AfterMethod afterMethodExecution" time="0.0" classname="com.focus.testcases.FinancialReportsXTest">
    <skipped/>
  </testcase> <!-- @AfterMethod afterMethodExecution -->
  <testcase name="@BeforeMethod beforeMethodExecution" time="0.0" classname="com.focus.testcases.FinancialReportsXTest">
    <skipped/>
  </testcase> <!-- @BeforeMethod beforeMethodExecution -->
  <testcase name="@AfterMethod afterMethodExecution" time="0.0" classname="com.focus.testcases.FinancialReportsXTest">
    <skipped/>
  </testcase> <!-- @AfterMethod afterMethodExecution -->
  <testcase name="@BeforeMethod beforeMethodExecution" time="0.0" classname="com.focus.testcases.FinancialReportsXTest">
    <skipped/>
  </testcase> <!-- @BeforeMethod beforeMethodExecution -->
  <testcase name="@AfterMethod afterMethodExecution" time="0.0" classname="com.focus.testcases.FinancialReportsXTest">
    <skipped/>
  </testcase> <!-- @AfterMethod afterMethodExecution -->
  <testcase name="@BeforeMethod beforeMethodExecution" time="0.0" classname="com.focus.testcases.FinancialReportsXTest">
    <skipped/>
  </testcase> <!-- @BeforeMethod beforeMethodExecution -->
  <testcase name="@AfterMethod afterMethodExecution" time="0.0" classname="com.focus.testcases.FinancialReportsXTest">
    <skipped/>
  </testcase> <!-- @AfterMethod afterMethodExecution -->
  <testcase name="@BeforeMethod beforeMethodExecution" time="0.0" classname="com.focus.testcases.FinancialReportsXTest">
    <skipped/>
  </testcase> <!-- @BeforeMethod beforeMethodExecution -->
  <testcase name="@AfterMethod afterMethodExecution" time="0.0" classname="com.focus.testcases.FinancialReportsXTest">
    <skipped/>
  </testcase> <!-- @AfterMethod afterMethodExecution -->
  <testcase name="@BeforeMethod beforeMethodExecution" time="0.0" classname="com.focus.testcases.FinancialReportsXTest">
    <skipped/>
  </testcase> <!-- @BeforeMethod beforeMethodExecution -->
  <testcase name="@AfterMethod afterMethodExecution" time="0.0" classname="com.focus.testcases.FinancialReportsXTest">
    <skipped/>
  </testcase> <!-- @AfterMethod afterMethodExecution -->
  <testcase name="@BeforeMethod beforeMethodExecution" time="0.0" classname="com.focus.testcases.FinancialReportsXTest">
    <skipped/>
  </testcase> <!-- @BeforeMethod beforeMethodExecution -->
  <testcase name="@AfterMethod afterMethodExecution" time="0.0" classname="com.focus.testcases.FinancialReportsXTest">
    <skipped/>
  </testcase> <!-- @AfterMethod afterMethodExecution -->
  <testcase name="@BeforeMethod beforeMethodExecution" time="0.0" classname="com.focus.testcases.FinancialReportsXTest">
    <skipped/>
  </testcase> <!-- @BeforeMethod beforeMethodExecution -->
  <testcase name="@AfterMethod afterMethodExecution" time="0.0" classname="com.focus.testcases.FinancialReportsXTest">
    <skipped/>
  </testcase> <!-- @AfterMethod afterMethodExecution -->
  <testcase name="@BeforeMethod beforeMethodExecution" time="0.0" classname="com.focus.testcases.FinancialReportsXTest">
    <skipped/>
  </testcase> <!-- @BeforeMethod beforeMethodExecution -->
  <testcase name="@AfterMethod afterMethodExecution" time="0.0" classname="com.focus.testcases.FinancialReportsXTest">
    <skipped/>
  </testcase> <!-- @AfterMethod afterMethodExecution -->
  <testcase name="@BeforeMethod beforeMethodExecution" time="0.0" classname="com.focus.testcases.FinancialReportsXTest">
    <skipped/>
  </testcase> <!-- @BeforeMethod beforeMethodExecution -->
  <testcase name="@AfterMethod afterMethodExecution" time="0.0" classname="com.focus.testcases.FinancialReportsXTest">
    <skipped/>
  </testcase> <!-- @AfterMethod afterMethodExecution -->
  <testcase name="@BeforeMethod beforeMethodExecution" time="0.0" classname="com.focus.testcases.FinancialReportsXTest">
    <skipped/>
  </testcase> <!-- @BeforeMethod beforeMethodExecution -->
  <testcase name="@AfterMethod afterMethodExecution" time="0.0" classname="com.focus.testcases.FinancialReportsXTest">
    <skipped/>
  </testcase> <!-- @AfterMethod afterMethodExecution -->
  <testcase name="@BeforeMethod beforeMethodExecution" time="0.0" classname="com.focus.testcases.FinancialReportsXTest">
    <skipped/>
  </testcase> <!-- @BeforeMethod beforeMethodExecution -->
  <testcase name="@AfterMethod afterMethodExecution" time="0.0" classname="com.focus.testcases.FinancialReportsXTest">
    <skipped/>
  </testcase> <!-- @AfterMethod afterMethodExecution -->
  <testcase name="@BeforeMethod beforeMethodExecution" time="0.0" classname="com.focus.testcases.FinancialReportsXTest">
    <skipped/>
  </testcase> <!-- @BeforeMethod beforeMethodExecution -->
  <testcase name="@AfterMethod afterMethodExecution" time="0.0" classname="com.focus.testcases.FinancialReportsXTest">
    <skipped/>
  </testcase> <!-- @AfterMethod afterMethodExecution -->
  <testcase name="@BeforeMethod beforeMethodExecution" time="0.0" classname="com.focus.testcases.FinancialReportsXTest">
    <skipped/>
  </testcase> <!-- @BeforeMethod beforeMethodExecution -->
  <testcase name="@AfterMethod afterMethodExecution" time="0.0" classname="com.focus.testcases.FinancialReportsXTest">
    <skipped/>
  </testcase> <!-- @AfterMethod afterMethodExecution -->
  <testcase name="@BeforeMethod beforeMethodExecution" time="0.0" classname="com.focus.testcases.FinancialReportsXTest">
    <skipped/>
  </testcase> <!-- @BeforeMethod beforeMethodExecution -->
  <testcase name="@AfterMethod afterMethodExecution" time="0.0" classname="com.focus.testcases.FinancialReportsXTest">
    <skipped/>
  </testcase> <!-- @AfterMethod afterMethodExecution -->
  <testcase name="@BeforeMethod beforeMethodExecution" time="0.0" classname="com.focus.testcases.FinancialReportsXTest">
    <skipped/>
  </testcase> <!-- @BeforeMethod beforeMethodExecution -->
  <testcase name="@AfterMethod afterMethodExecution" time="0.0" classname="com.focus.testcases.FinancialReportsXTest">
    <skipped/>
  </testcase> <!-- @AfterMethod afterMethodExecution -->
  <testcase name="@BeforeMethod beforeMethodExecution" time="0.0" classname="com.focus.testcases.FinancialReportsXTest">
    <skipped/>
  </testcase> <!-- @BeforeMethod beforeMethodExecution -->
  <testcase name="@AfterMethod afterMethodExecution" time="0.0" classname="com.focus.testcases.FinancialReportsXTest">
    <skipped/>
  </testcase> <!-- @AfterMethod afterMethodExecution -->
  <testcase name="@BeforeMethod beforeMethodExecution" time="0.0" classname="com.focus.testcases.FinancialReportsXTest">
    <skipped/>
  </testcase> <!-- @BeforeMethod beforeMethodExecution -->
  <testcase name="@AfterMethod afterMethodExecution" time="0.0" classname="com.focus.testcases.FinancialReportsXTest">
    <skipped/>
  </testcase> <!-- @AfterMethod afterMethodExecution -->
  <testcase name="@BeforeMethod beforeMethodExecution" time="0.0" classname="com.focus.testcases.FinancialReportsXTest">
    <skipped/>
  </testcase> <!-- @BeforeMethod beforeMethodExecution -->
  <testcase name="@AfterMethod afterMethodExecution" time="0.0" classname="com.focus.testcases.FinancialReportsXTest">
    <skipped/>
  </testcase> <!-- @AfterMethod afterMethodExecution -->
  <testcase name="@BeforeMethod beforeMethodExecution" time="0.0" classname="com.focus.testcases.FinancialReportsXTest">
    <skipped/>
  </testcase> <!-- @BeforeMethod beforeMethodExecution -->
  <testcase name="@AfterMethod afterMethodExecution" time="0.0" classname="com.focus.testcases.FinancialReportsXTest">
    <skipped/>
  </testcase> <!-- @AfterMethod afterMethodExecution -->
  <testcase name="@BeforeMethod beforeMethodExecution" time="0.0" classname="com.focus.testcases.FinancialReportsXTest">
    <skipped/>
  </testcase> <!-- @BeforeMethod beforeMethodExecution -->
  <testcase name="@AfterMethod afterMethodExecution" time="0.0" classname="com.focus.testcases.FinancialReportsXTest">
    <skipped/>
  </testcase> <!-- @AfterMethod afterMethodExecution -->
  <testcase name="@BeforeMethod beforeMethodExecution" time="0.0" classname="com.focus.testcases.FinancialReportsXTest">
    <skipped/>
  </testcase> <!-- @BeforeMethod beforeMethodExecution -->
  <testcase name="@AfterMethod afterMethodExecution" time="0.0" classname="com.focus.testcases.FinancialReportsXTest">
    <skipped/>
  </testcase> <!-- @AfterMethod afterMethodExecution -->
  <testcase name="@BeforeMethod beforeMethodExecution" time="0.0" classname="com.focus.testcases.FinancialReportsXTest">
    <skipped/>
  </testcase> <!-- @BeforeMethod beforeMethodExecution -->
  <testcase name="@AfterMethod afterMethodExecution" time="0.0" classname="com.focus.testcases.FinancialReportsXTest">
    <skipped/>
  </testcase> <!-- @AfterMethod afterMethodExecution -->
  <testcase name="@BeforeMethod beforeMethodExecution" time="0.0" classname="com.focus.testcases.FinancialReportsXTest">
    <skipped/>
  </testcase> <!-- @BeforeMethod beforeMethodExecution -->
  <testcase name="@AfterMethod afterMethodExecution" time="0.0" classname="com.focus.testcases.FinancialReportsXTest">
    <skipped/>
  </testcase> <!-- @AfterMethod afterMethodExecution -->
  <testcase name="@BeforeMethod beforeMethodExecution" time="0.0" classname="com.focus.testcases.FinancialReportsXTest">
    <skipped/>
  </testcase> <!-- @BeforeMethod beforeMethodExecution -->
  <testcase name="@AfterMethod afterMethodExecution" time="0.0" classname="com.focus.testcases.FinancialReportsXTest">
    <skipped/>
  </testcase> <!-- @AfterMethod afterMethodExecution -->
  <testcase name="@BeforeMethod beforeMethodExecution" time="0.0" classname="com.focus.testcases.FinancialReportsXTest">
    <skipped/>
  </testcase> <!-- @BeforeMethod beforeMethodExecution -->
  <testcase name="@AfterMethod afterMethodExecution" time="0.0" classname="com.focus.testcases.FinancialReportsXTest">
    <skipped/>
  </testcase> <!-- @AfterMethod afterMethodExecution -->
  <testcase name="@BeforeMethod beforeMethodExecution" time="0.0" classname="com.focus.testcases.FinancialReportsXTest">
    <skipped/>
  </testcase> <!-- @BeforeMethod beforeMethodExecution -->
  <testcase name="@AfterMethod afterMethodExecution" time="0.0" classname="com.focus.testcases.FinancialReportsXTest">
    <skipped/>
  </testcase> <!-- @AfterMethod afterMethodExecution -->
  <testcase name="@BeforeMethod beforeMethodExecution" time="0.0" classname="com.focus.testcases.FinancialReportsXTest">
    <skipped/>
  </testcase> <!-- @BeforeMethod beforeMethodExecution -->
  <testcase name="@AfterMethod afterMethodExecution" time="0.0" classname="com.focus.testcases.FinancialReportsXTest">
    <skipped/>
  </testcase> <!-- @AfterMethod afterMethodExecution -->
  <testcase name="@BeforeMethod beforeMethodExecution" time="0.0" classname="com.focus.testcases.FinancialReportsXTest">
    <skipped/>
  </testcase> <!-- @BeforeMethod beforeMethodExecution -->
  <testcase name="@AfterMethod afterMethodExecution" time="0.0" classname="com.focus.testcases.FinancialReportsXTest">
    <skipped/>
  </testcase> <!-- @AfterMethod afterMethodExecution -->
  <testcase name="@BeforeMethod beforeMethodExecution" time="0.0" classname="com.focus.testcases.FinancialReportsXTest">
    <skipped/>
  </testcase> <!-- @BeforeMethod beforeMethodExecution -->
  <testcase name="@AfterMethod afterMethodExecution" time="0.0" classname="com.focus.testcases.FinancialReportsXTest">
    <skipped/>
  </testcase> <!-- @AfterMethod afterMethodExecution -->
  <testcase name="@BeforeMethod beforeMethodExecution" time="0.0" classname="com.focus.testcases.FinancialReportsXTest">
    <skipped/>
  </testcase> <!-- @BeforeMethod beforeMethodExecution -->
  <testcase name="@AfterMethod afterMethodExecution" time="0.0" classname="com.focus.testcases.FinancialReportsXTest">
    <skipped/>
  </testcase> <!-- @AfterMethod afterMethodExecution -->
  <testcase name="@BeforeMethod beforeMethodExecution" time="0.0" classname="com.focus.testcases.FinancialReportsXTest">
    <skipped/>
  </testcase> <!-- @BeforeMethod beforeMethodExecution -->
  <testcase name="@AfterMethod afterMethodExecution" time="0.0" classname="com.focus.testcases.FinancialReportsXTest">
    <skipped/>
  </testcase> <!-- @AfterMethod afterMethodExecution -->
  <testcase name="@BeforeMethod beforeMethodExecution" time="0.0" classname="com.focus.testcases.FinancialReportsXTest">
    <skipped/>
  </testcase> <!-- @BeforeMethod beforeMethodExecution -->
  <testcase name="@AfterMethod afterMethodExecution" time="0.0" classname="com.focus.testcases.FinancialReportsXTest">
    <skipped/>
  </testcase> <!-- @AfterMethod afterMethodExecution -->
  <testcase name="@BeforeMethod beforeMethodExecution" time="0.0" classname="com.focus.testcases.FinancialReportsXTest">
    <skipped/>
  </testcase> <!-- @BeforeMethod beforeMethodExecution -->
  <testcase name="@AfterMethod afterMethodExecution" time="0.0" classname="com.focus.testcases.FinancialReportsXTest">
    <skipped/>
  </testcase> <!-- @AfterMethod afterMethodExecution -->
  <testcase name="@BeforeMethod beforeMethodExecution" time="0.0" classname="com.focus.testcases.FinancialReportsXTest">
    <skipped/>
  </testcase> <!-- @BeforeMethod beforeMethodExecution -->
  <testcase name="@AfterMethod afterMethodExecution" time="0.0" classname="com.focus.testcases.FinancialReportsXTest">
    <skipped/>
  </testcase> <!-- @AfterMethod afterMethodExecution -->
  <testcase name="@BeforeMethod beforeMethodExecution" time="0.0" classname="com.focus.testcases.FinancialReportsXTest">
    <skipped/>
  </testcase> <!-- @BeforeMethod beforeMethodExecution -->
  <testcase name="@AfterMethod afterMethodExecution" time="0.0" classname="com.focus.testcases.FinancialReportsXTest">
    <skipped/>
  </testcase> <!-- @AfterMethod afterMethodExecution -->
  <testcase name="@BeforeMethod beforeMethodExecution" time="0.0" classname="com.focus.testcases.FinancialReportsXTest">
    <skipped/>
  </testcase> <!-- @BeforeMethod beforeMethodExecution -->
  <testcase name="@AfterMethod afterMethodExecution" time="0.0" classname="com.focus.testcases.FinancialReportsXTest">
    <skipped/>
  </testcase> <!-- @AfterMethod afterMethodExecution -->
  <testcase name="@BeforeMethod beforeMethodExecution" time="0.0" classname="com.focus.testcases.FinancialReportsXTest">
    <skipped/>
  </testcase> <!-- @BeforeMethod beforeMethodExecution -->
  <testcase name="@AfterMethod afterMethodExecution" time="0.0" classname="com.focus.testcases.FinancialReportsXTest">
    <skipped/>
  </testcase> <!-- @AfterMethod afterMethodExecution -->
  <testcase name="@BeforeMethod beforeMethodExecution" time="0.0" classname="com.focus.testcases.FinancialReportsXTest">
    <skipped/>
  </testcase> <!-- @BeforeMethod beforeMethodExecution -->
  <testcase name="@AfterMethod afterMethodExecution" time="0.0" classname="com.focus.testcases.FinancialReportsXTest">
    <skipped/>
  </testcase> <!-- @AfterMethod afterMethodExecution -->
  <testcase name="@BeforeMethod beforeMethodExecution" time="0.0" classname="com.focus.testcases.FinancialReportsXTest">
    <skipped/>
  </testcase> <!-- @BeforeMethod beforeMethodExecution -->
  <testcase name="@AfterMethod afterMethodExecution" time="0.0" classname="com.focus.testcases.FinancialReportsXTest">
    <skipped/>
  </testcase> <!-- @AfterMethod afterMethodExecution -->
  <testcase name="@BeforeMethod beforeMethodExecution" time="0.0" classname="com.focus.testcases.FinancialReportsXTest">
    <skipped/>
  </testcase> <!-- @BeforeMethod beforeMethodExecution -->
  <testcase name="@AfterMethod afterMethodExecution" time="0.0" classname="com.focus.testcases.FinancialReportsXTest">
    <skipped/>
  </testcase> <!-- @AfterMethod afterMethodExecution -->
  <testcase name="@BeforeMethod beforeMethodExecution" time="0.0" classname="com.focus.testcases.FinancialReportsXTest">
    <skipped/>
  </testcase> <!-- @BeforeMethod beforeMethodExecution -->
  <testcase name="@AfterMethod afterMethodExecution" time="0.0" classname="com.focus.testcases.FinancialReportsXTest">
    <skipped/>
  </testcase> <!-- @AfterMethod afterMethodExecution -->
  <testcase name="@BeforeMethod beforeMethodExecution" time="0.0" classname="com.focus.testcases.FinancialReportsXTest">
    <skipped/>
  </testcase> <!-- @BeforeMethod beforeMethodExecution -->
  <testcase name="@AfterMethod afterMethodExecution" time="0.0" classname="com.focus.testcases.FinancialReportsXTest">
    <skipped/>
  </testcase> <!-- @AfterMethod afterMethodExecution -->
  <testcase name="@BeforeMethod beforeMethodExecution" time="0.0" classname="com.focus.testcases.FinancialReportsXTest">
    <skipped/>
  </testcase> <!-- @BeforeMethod beforeMethodExecution -->
  <testcase name="@AfterMethod afterMethodExecution" time="0.0" classname="com.focus.testcases.FinancialReportsXTest">
    <skipped/>
  </testcase> <!-- @AfterMethod afterMethodExecution -->
  <testcase name="@BeforeMethod beforeMethodExecution" time="0.0" classname="com.focus.testcases.FinancialReportsXTest">
    <skipped/>
  </testcase> <!-- @BeforeMethod beforeMethodExecution -->
  <testcase name="@AfterMethod afterMethodExecution" time="0.0" classname="com.focus.testcases.FinancialReportsXTest">
    <skipped/>
  </testcase> <!-- @AfterMethod afterMethodExecution -->
  <testcase name="@BeforeMethod beforeMethodExecution" time="0.0" classname="com.focus.testcases.FinancialReportsXTest">
    <skipped/>
  </testcase> <!-- @BeforeMethod beforeMethodExecution -->
  <testcase name="@AfterMethod afterMethodExecution" time="0.0" classname="com.focus.testcases.FinancialReportsXTest">
    <skipped/>
  </testcase> <!-- @AfterMethod afterMethodExecution -->
  <testcase name="@BeforeMethod beforeMethodExecution" time="0.0" classname="com.focus.testcases.FinancialReportsXTest">
    <skipped/>
  </testcase> <!-- @BeforeMethod beforeMethodExecution -->
  <testcase name="@AfterMethod afterMethodExecution" time="0.0" classname="com.focus.testcases.FinancialReportsXTest">
    <skipped/>
  </testcase> <!-- @AfterMethod afterMethodExecution -->
  <testcase name="@BeforeMethod beforeMethodExecution" time="0.0" classname="com.focus.testcases.FinancialReportsXTest">
    <skipped/>
  </testcase> <!-- @BeforeMethod beforeMethodExecution -->
  <testcase name="@AfterMethod afterMethodExecution" time="0.0" classname="com.focus.testcases.FinancialReportsXTest">
    <skipped/>
  </testcase> <!-- @AfterMethod afterMethodExecution -->
  <testcase name="@BeforeMethod beforeMethodExecution" time="0.0" classname="com.focus.testcases.FinancialReportsXTest">
    <skipped/>
  </testcase> <!-- @BeforeMethod beforeMethodExecution -->
  <testcase name="@AfterMethod afterMethodExecution" time="0.0" classname="com.focus.testcases.FinancialReportsXTest">
    <skipped/>
  </testcase> <!-- @AfterMethod afterMethodExecution -->
  <testcase name="@BeforeMethod beforeMethodExecution" time="0.0" classname="com.focus.testcases.FinancialReportsXTest">
    <skipped/>
  </testcase> <!-- @BeforeMethod beforeMethodExecution -->
  <testcase name="@AfterMethod afterMethodExecution" time="0.0" classname="com.focus.testcases.FinancialReportsXTest">
    <skipped/>
  </testcase> <!-- @AfterMethod afterMethodExecution -->
  <testcase name="@BeforeMethod beforeMethodExecution" time="0.0" classname="com.focus.testcases.FinancialReportsXTest">
    <skipped/>
  </testcase> <!-- @BeforeMethod beforeMethodExecution -->
  <testcase name="@AfterMethod afterMethodExecution" time="0.0" classname="com.focus.testcases.FinancialReportsXTest">
    <skipped/>
  </testcase> <!-- @AfterMethod afterMethodExecution -->
  <testcase name="@BeforeMethod beforeMethodExecution" time="0.0" classname="com.focus.testcases.FinancialReportsXTest">
    <skipped/>
  </testcase> <!-- @BeforeMethod beforeMethodExecution -->
  <testcase name="@AfterMethod afterMethodExecution" time="0.0" classname="com.focus.testcases.FinancialReportsXTest">
    <skipped/>
  </testcase> <!-- @AfterMethod afterMethodExecution -->
  <testcase name="@BeforeMethod beforeMethodExecution" time="0.0" classname="com.focus.testcases.FinancialReportsXTest">
    <skipped/>
  </testcase> <!-- @BeforeMethod beforeMethodExecution -->
  <testcase name="@AfterMethod afterMethodExecution" time="0.0" classname="com.focus.testcases.FinancialReportsXTest">
    <skipped/>
  </testcase> <!-- @AfterMethod afterMethodExecution -->
  <testcase name="@BeforeMethod beforeMethodExecution" time="0.0" classname="com.focus.testcases.FinancialReportsXTest">
    <skipped/>
  </testcase> <!-- @BeforeMethod beforeMethodExecution -->
  <testcase name="@AfterMethod afterMethodExecution" time="0.0" classname="com.focus.testcases.FinancialReportsXTest">
    <skipped/>
  </testcase> <!-- @AfterMethod afterMethodExecution -->
  <testcase name="@BeforeMethod beforeMethodExecution" time="0.0" classname="com.focus.testcases.FinancialReportsXTest">
    <skipped/>
  </testcase> <!-- @BeforeMethod beforeMethodExecution -->
  <testcase name="@AfterMethod afterMethodExecution" time="0.0" classname="com.focus.testcases.FinancialReportsXTest">
    <skipped/>
  </testcase> <!-- @AfterMethod afterMethodExecution -->
  <testcase name="@BeforeMethod beforeMethodExecution" time="0.0" classname="com.focus.testcases.FinancialReportsXTest">
    <skipped/>
  </testcase> <!-- @BeforeMethod beforeMethodExecution -->
  <testcase name="@AfterMethod afterMethodExecution" time="0.0" classname="com.focus.testcases.FinancialReportsXTest">
    <skipped/>
  </testcase> <!-- @AfterMethod afterMethodExecution -->
  <testcase name="@BeforeMethod beforeMethodExecution" time="0.0" classname="com.focus.testcases.FinancialReportsXTest">
    <skipped/>
  </testcase> <!-- @BeforeMethod beforeMethodExecution -->
  <testcase name="@AfterMethod afterMethodExecution" time="0.0" classname="com.focus.testcases.FinancialReportsXTest">
    <skipped/>
  </testcase> <!-- @AfterMethod afterMethodExecution -->
  <testcase name="@BeforeMethod beforeMethodExecution" time="0.0" classname="com.focus.testcases.FinancialReportsXTest">
    <skipped/>
  </testcase> <!-- @BeforeMethod beforeMethodExecution -->
  <testcase name="@AfterMethod afterMethodExecution" time="0.0" classname="com.focus.testcases.FinancialReportsXTest">
    <skipped/>
  </testcase> <!-- @AfterMethod afterMethodExecution -->
  <testcase name="@BeforeMethod beforeMethodExecution" time="0.0" classname="com.focus.testcases.FinancialReportsXTest">
    <skipped/>
  </testcase> <!-- @BeforeMethod beforeMethodExecution -->
  <testcase name="@AfterMethod afterMethodExecution" time="0.0" classname="com.focus.testcases.FinancialReportsXTest">
    <skipped/>
  </testcase> <!-- @AfterMethod afterMethodExecution -->
  <testcase name="@BeforeMethod beforeMethodExecution" time="0.0" classname="com.focus.testcases.FinancialReportsXTest">
    <skipped/>
  </testcase> <!-- @BeforeMethod beforeMethodExecution -->
  <testcase name="@AfterMethod afterMethodExecution" time="0.0" classname="com.focus.testcases.FinancialReportsXTest">
    <skipped/>
  </testcase> <!-- @AfterMethod afterMethodExecution -->
  <testcase name="@BeforeMethod beforeMethodExecution" time="0.0" classname="com.focus.testcases.FinancialReportsXTest">
    <skipped/>
  </testcase> <!-- @BeforeMethod beforeMethodExecution -->
  <testcase name="@AfterMethod afterMethodExecution" time="0.0" classname="com.focus.testcases.FinancialReportsXTest">
    <skipped/>
  </testcase> <!-- @AfterMethod afterMethodExecution -->
  <testcase name="@BeforeMethod beforeMethodExecution" time="0.0" classname="com.focus.testcases.FinancialReportsXTest">
    <skipped/>
  </testcase> <!-- @BeforeMethod beforeMethodExecution -->
  <testcase name="@AfterMethod afterMethodExecution" time="0.0" classname="com.focus.testcases.FinancialReportsXTest">
    <skipped/>
  </testcase> <!-- @AfterMethod afterMethodExecution -->
  <testcase name="@BeforeMethod beforeMethodExecution" time="0.0" classname="com.focus.testcases.FinancialReportsXTest">
    <skipped/>
  </testcase> <!-- @BeforeMethod beforeMethodExecution -->
  <testcase name="@AfterMethod afterMethodExecution" time="0.0" classname="com.focus.testcases.FinancialReportsXTest">
    <skipped/>
  </testcase> <!-- @AfterMethod afterMethodExecution -->
  <testcase name="@BeforeMethod beforeMethodExecution" time="0.0" classname="com.focus.testcases.FinancialReportsXTest">
    <skipped/>
  </testcase> <!-- @BeforeMethod beforeMethodExecution -->
  <testcase name="@AfterMethod afterMethodExecution" time="0.0" classname="com.focus.testcases.FinancialReportsXTest">
    <skipped/>
  </testcase> <!-- @AfterMethod afterMethodExecution -->
  <testcase name="@BeforeMethod beforeMethodExecution" time="0.0" classname="com.focus.testcases.FinancialReportsXTest">
    <skipped/>
  </testcase> <!-- @BeforeMethod beforeMethodExecution -->
  <testcase name="@AfterMethod afterMethodExecution" time="0.0" classname="com.focus.testcases.FinancialReportsXTest">
    <skipped/>
  </testcase> <!-- @AfterMethod afterMethodExecution -->
  <testcase name="@BeforeMethod beforeMethodExecution" time="0.0" classname="com.focus.testcases.FinancialReportsXTest">
    <skipped/>
  </testcase> <!-- @BeforeMethod beforeMethodExecution -->
  <testcase name="@AfterMethod afterMethodExecution" time="0.0" classname="com.focus.testcases.FinancialReportsXTest">
    <skipped/>
  </testcase> <!-- @AfterMethod afterMethodExecution -->
  <testcase name="@BeforeMethod beforeMethodExecution" time="0.0" classname="com.focus.testcases.FinancialReportsXTest">
    <skipped/>
  </testcase> <!-- @BeforeMethod beforeMethodExecution -->
  <testcase name="@AfterMethod afterMethodExecution" time="0.0" classname="com.focus.testcases.FinancialReportsXTest">
    <skipped/>
  </testcase> <!-- @AfterMethod afterMethodExecution -->
  <testcase name="@BeforeMethod beforeMethodExecution" time="0.0" classname="com.focus.testcases.FinancialReportsXTest">
    <skipped/>
  </testcase> <!-- @BeforeMethod beforeMethodExecution -->
  <testcase name="@AfterMethod afterMethodExecution" time="0.0" classname="com.focus.testcases.FinancialReportsXTest">
    <skipped/>
  </testcase> <!-- @AfterMethod afterMethodExecution -->
  <testcase name="@BeforeMethod beforeMethodExecution" time="0.0" classname="com.focus.testcases.FinancialReportsXTest">
    <skipped/>
  </testcase> <!-- @BeforeMethod beforeMethodExecution -->
  <testcase name="@AfterMethod afterMethodExecution" time="0.0" classname="com.focus.testcases.FinancialReportsXTest">
    <skipped/>
  </testcase> <!-- @AfterMethod afterMethodExecution -->
  <testcase name="@BeforeMethod beforeMethodExecution" time="0.0" classname="com.focus.testcases.FinancialReportsXTest">
    <skipped/>
  </testcase> <!-- @BeforeMethod beforeMethodExecution -->
  <testcase name="@AfterMethod afterMethodExecution" time="0.0" classname="com.focus.testcases.FinancialReportsXTest">
    <skipped/>
  </testcase> <!-- @AfterMethod afterMethodExecution -->
  <testcase name="@BeforeMethod beforeMethodExecution" time="0.0" classname="com.focus.testcases.FinancialReportsXTest">
    <skipped/>
  </testcase> <!-- @BeforeMethod beforeMethodExecution -->
  <testcase name="@AfterMethod afterMethodExecution" time="0.0" classname="com.focus.testcases.FinancialReportsXTest">
    <skipped/>
  </testcase> <!-- @AfterMethod afterMethodExecution -->
  <testcase name="@BeforeMethod beforeMethodExecution" time="0.0" classname="com.focus.testcases.FinancialReportsXTest">
    <skipped/>
  </testcase> <!-- @BeforeMethod beforeMethodExecution -->
  <testcase name="@AfterMethod afterMethodExecution" time="0.0" classname="com.focus.testcases.FinancialReportsXTest">
    <skipped/>
  </testcase> <!-- @AfterMethod afterMethodExecution -->
  <testcase name="@BeforeMethod beforeMethodExecution" time="0.0" classname="com.focus.testcases.FinancialReportsXTest">
    <skipped/>
  </testcase> <!-- @BeforeMethod beforeMethodExecution -->
  <testcase name="@AfterMethod afterMethodExecution" time="0.0" classname="com.focus.testcases.FinancialReportsXTest">
    <skipped/>
  </testcase> <!-- @AfterMethod afterMethodExecution -->
  <testcase name="@BeforeMethod beforeMethodExecution" time="0.0" classname="com.focus.testcases.FinancialReportsXTest">
    <skipped/>
  </testcase> <!-- @BeforeMethod beforeMethodExecution -->
  <testcase name="@AfterMethod afterMethodExecution" time="0.0" classname="com.focus.testcases.FinancialReportsXTest">
    <skipped/>
  </testcase> <!-- @AfterMethod afterMethodExecution -->
  <testcase name="@BeforeMethod beforeMethodExecution" time="0.0" classname="com.focus.testcases.FinancialReportsXTest">
    <skipped/>
  </testcase> <!-- @BeforeMethod beforeMethodExecution -->
  <testcase name="@AfterMethod afterMethodExecution" time="0.0" classname="com.focus.testcases.FinancialReportsXTest">
    <skipped/>
  </testcase> <!-- @AfterMethod afterMethodExecution -->
  <testcase name="@BeforeMethod beforeMethodExecution" time="0.0" classname="com.focus.testcases.FinancialReportsXTest">
    <skipped/>
  </testcase> <!-- @BeforeMethod beforeMethodExecution -->
  <testcase name="@AfterMethod afterMethodExecution" time="0.0" classname="com.focus.testcases.FinancialReportsXTest">
    <skipped/>
  </testcase> <!-- @AfterMethod afterMethodExecution -->
  <testcase name="@BeforeMethod beforeMethodExecution" time="0.0" classname="com.focus.testcases.FinancialReportsXTest">
    <skipped/>
  </testcase> <!-- @BeforeMethod beforeMethodExecution -->
  <testcase name="@AfterMethod afterMethodExecution" time="0.0" classname="com.focus.testcases.FinancialReportsXTest">
    <skipped/>
  </testcase> <!-- @AfterMethod afterMethodExecution -->
  <testcase name="@BeforeMethod beforeMethodExecution" time="0.0" classname="com.focus.testcases.FinancialReportsXTest">
    <skipped/>
  </testcase> <!-- @BeforeMethod beforeMethodExecution -->
  <testcase name="@AfterMethod afterMethodExecution" time="0.0" classname="com.focus.testcases.FinancialReportsXTest">
    <skipped/>
  </testcase> <!-- @AfterMethod afterMethodExecution -->
  <testcase name="@BeforeMethod beforeMethodExecution" time="0.0" classname="com.focus.testcases.FinancialReportsXTest">
    <skipped/>
  </testcase> <!-- @BeforeMethod beforeMethodExecution -->
  <testcase name="@AfterMethod afterMethodExecution" time="0.0" classname="com.focus.testcases.FinancialReportsXTest">
    <skipped/>
  </testcase> <!-- @AfterMethod afterMethodExecution -->
  <testcase name="@BeforeMethod beforeMethodExecution" time="0.0" classname="com.focus.testcases.FinancialReportsXTest">
    <skipped/>
  </testcase> <!-- @BeforeMethod beforeMethodExecution -->
  <testcase name="@AfterMethod afterMethodExecution" time="0.0" classname="com.focus.testcases.FinancialReportsXTest">
    <skipped/>
  </testcase> <!-- @AfterMethod afterMethodExecution -->
  <testcase name="@BeforeMethod beforeMethodExecution" time="0.0" classname="com.focus.testcases.FinancialReportsXTest">
    <skipped/>
  </testcase> <!-- @BeforeMethod beforeMethodExecution -->
  <testcase name="@AfterMethod afterMethodExecution" time="0.0" classname="com.focus.testcases.FinancialReportsXTest">
    <skipped/>
  </testcase> <!-- @AfterMethod afterMethodExecution -->
  <testcase name="@BeforeMethod beforeMethodExecution" time="0.0" classname="com.focus.testcases.FinancialReportsXTest">
    <skipped/>
  </testcase> <!-- @BeforeMethod beforeMethodExecution -->
  <testcase name="@AfterMethod afterMethodExecution" time="0.0" classname="com.focus.testcases.FinancialReportsXTest">
    <skipped/>
  </testcase> <!-- @AfterMethod afterMethodExecution -->
  <testcase name="@BeforeMethod beforeMethodExecution" time="0.0" classname="com.focus.testcases.FinancialReportsXTest">
    <skipped/>
  </testcase> <!-- @BeforeMethod beforeMethodExecution -->
  <testcase name="@AfterMethod afterMethodExecution" time="0.0" classname="com.focus.testcases.FinancialReportsXTest">
    <skipped/>
  </testcase> <!-- @AfterMethod afterMethodExecution -->
  <testcase name="@BeforeMethod beforeMethodExecution" time="0.0" classname="com.focus.testcases.FinancialReportsXTest">
    <skipped/>
  </testcase> <!-- @BeforeMethod beforeMethodExecution -->
  <testcase name="@AfterMethod afterMethodExecution" time="0.0" classname="com.focus.testcases.FinancialReportsXTest">
    <skipped/>
  </testcase> <!-- @AfterMethod afterMethodExecution -->
  <testcase name="@BeforeMethod beforeMethodExecution" time="0.0" classname="com.focus.testcases.FinancialReportsXTest">
    <skipped/>
  </testcase> <!-- @BeforeMethod beforeMethodExecution -->
  <testcase name="@AfterMethod afterMethodExecution" time="0.0" classname="com.focus.testcases.FinancialReportsXTest">
    <skipped/>
  </testcase> <!-- @AfterMethod afterMethodExecution -->
  <testcase name="@BeforeMethod beforeMethodExecution" time="0.0" classname="com.focus.testcases.FinancialReportsXTest">
    <skipped/>
  </testcase> <!-- @BeforeMethod beforeMethodExecution -->
  <testcase name="@AfterMethod afterMethodExecution" time="0.0" classname="com.focus.testcases.FinancialReportsXTest">
    <skipped/>
  </testcase> <!-- @AfterMethod afterMethodExecution -->
  <testcase name="@BeforeMethod beforeMethodExecution" time="0.0" classname="com.focus.testcases.FinancialReportsXTest">
    <skipped/>
  </testcase> <!-- @BeforeMethod beforeMethodExecution -->
  <testcase name="@AfterMethod afterMethodExecution" time="0.0" classname="com.focus.testcases.FinancialReportsXTest">
    <skipped/>
  </testcase> <!-- @AfterMethod afterMethodExecution -->
  <testcase name="@BeforeMethod beforeMethodExecution" time="0.0" classname="com.focus.testcases.FinancialReportsXTest">
    <skipped/>
  </testcase> <!-- @BeforeMethod beforeMethodExecution -->
  <testcase name="@AfterMethod afterMethodExecution" time="0.0" classname="com.focus.testcases.FinancialReportsXTest">
    <skipped/>
  </testcase> <!-- @AfterMethod afterMethodExecution -->
  <testcase name="@BeforeMethod beforeMethodExecution" time="0.0" classname="com.focus.testcases.FinancialReportsXTest">
    <skipped/>
  </testcase> <!-- @BeforeMethod beforeMethodExecution -->
  <testcase name="@AfterMethod afterMethodExecution" time="0.0" classname="com.focus.testcases.FinancialReportsXTest">
    <skipped/>
  </testcase> <!-- @AfterMethod afterMethodExecution -->
  <testcase name="@BeforeMethod beforeMethodExecution" time="0.0" classname="com.focus.testcases.FinancialReportsXTest">
    <skipped/>
  </testcase> <!-- @BeforeMethod beforeMethodExecution -->
  <testcase name="@AfterMethod afterMethodExecution" time="0.0" classname="com.focus.testcases.FinancialReportsXTest">
    <skipped/>
  </testcase> <!-- @AfterMethod afterMethodExecution -->
  <testcase name="@BeforeMethod beforeMethodExecution" time="0.0" classname="com.focus.testcases.FinancialReportsXTest">
    <skipped/>
  </testcase> <!-- @BeforeMethod beforeMethodExecution -->
  <testcase name="@AfterMethod afterMethodExecution" time="0.0" classname="com.focus.testcases.FinancialReportsXTest">
    <skipped/>
  </testcase> <!-- @AfterMethod afterMethodExecution -->
  <testcase name="@BeforeMethod beforeMethodExecution" time="0.0" classname="com.focus.testcases.FinancialReportsXTest">
    <skipped/>
  </testcase> <!-- @BeforeMethod beforeMethodExecution -->
  <testcase name="@AfterMethod afterMethodExecution" time="0.0" classname="com.focus.testcases.FinancialReportsXTest">
    <skipped/>
  </testcase> <!-- @AfterMethod afterMethodExecution -->
  <testcase name="@BeforeMethod beforeMethodExecution" time="0.0" classname="com.focus.testcases.FinancialReportsXTest">
    <skipped/>
  </testcase> <!-- @BeforeMethod beforeMethodExecution -->
  <testcase name="@AfterMethod afterMethodExecution" time="0.0" classname="com.focus.testcases.FinancialReportsXTest">
    <skipped/>
  </testcase> <!-- @AfterMethod afterMethodExecution -->
  <testcase name="@BeforeMethod beforeMethodExecution" time="0.0" classname="com.focus.testcases.FinancialReportsXTest">
    <skipped/>
  </testcase> <!-- @BeforeMethod beforeMethodExecution -->
  <testcase name="@AfterMethod afterMethodExecution" time="0.0" classname="com.focus.testcases.FinancialReportsXTest">
    <skipped/>
  </testcase> <!-- @AfterMethod afterMethodExecution -->
  <testcase name="@BeforeMethod beforeMethodExecution" time="0.0" classname="com.focus.testcases.FinancialReportsXTest">
    <skipped/>
  </testcase> <!-- @BeforeMethod beforeMethodExecution -->
  <testcase name="@AfterMethod afterMethodExecution" time="0.0" classname="com.focus.testcases.FinancialReportsXTest">
    <skipped/>
  </testcase> <!-- @AfterMethod afterMethodExecution -->
  <testcase name="@BeforeMethod beforeMethodExecution" time="0.0" classname="com.focus.testcases.FinancialReportsXTest">
    <skipped/>
  </testcase> <!-- @BeforeMethod beforeMethodExecution -->
  <testcase name="@AfterMethod afterMethodExecution" time="0.0" classname="com.focus.testcases.FinancialReportsXTest">
    <skipped/>
  </testcase> <!-- @AfterMethod afterMethodExecution -->
  <testcase name="@BeforeMethod beforeMethodExecution" time="0.0" classname="com.focus.testcases.FinancialReportsXTest">
    <skipped/>
  </testcase> <!-- @BeforeMethod beforeMethodExecution -->
  <testcase name="@AfterMethod afterMethodExecution" time="0.0" classname="com.focus.testcases.FinancialReportsXTest">
    <skipped/>
  </testcase> <!-- @AfterMethod afterMethodExecution -->
  <testcase name="@BeforeMethod beforeMethodExecution" time="0.0" classname="com.focus.testcases.FinancialReportsXTest">
    <skipped/>
  </testcase> <!-- @BeforeMethod beforeMethodExecution -->
  <testcase name="@AfterMethod afterMethodExecution" time="0.0" classname="com.focus.testcases.FinancialReportsXTest">
    <skipped/>
  </testcase> <!-- @AfterMethod afterMethodExecution -->
  <testcase name="@BeforeMethod beforeMethodExecution" time="0.0" classname="com.focus.testcases.FinancialReportsXTest">
    <skipped/>
  </testcase> <!-- @BeforeMethod beforeMethodExecution -->
  <testcase name="@AfterMethod afterMethodExecution" time="0.0" classname="com.focus.testcases.FinancialReportsXTest">
    <skipped/>
  </testcase> <!-- @AfterMethod afterMethodExecution -->
  <testcase name="@BeforeMethod beforeMethodExecution" time="0.0" classname="com.focus.testcases.FinancialReportsXTest">
    <skipped/>
  </testcase> <!-- @BeforeMethod beforeMethodExecution -->
  <testcase name="@AfterMethod afterMethodExecution" time="0.0" classname="com.focus.testcases.FinancialReportsXTest">
    <skipped/>
  </testcase> <!-- @AfterMethod afterMethodExecution -->
  <testcase name="@BeforeMethod beforeMethodExecution" time="0.0" classname="com.focus.testcases.FinancialReportsXTest">
    <skipped/>
  </testcase> <!-- @BeforeMethod beforeMethodExecution -->
  <testcase name="@AfterMethod afterMethodExecution" time="0.0" classname="com.focus.testcases.FinancialReportsXTest">
    <skipped/>
  </testcase> <!-- @AfterMethod afterMethodExecution -->
  <testcase name="@BeforeMethod beforeMethodExecution" time="0.0" classname="com.focus.testcases.FinancialReportsXTest">
    <skipped/>
  </testcase> <!-- @BeforeMethod beforeMethodExecution -->
  <testcase name="@AfterMethod afterMethodExecution" time="0.0" classname="com.focus.testcases.FinancialReportsXTest">
    <skipped/>
  </testcase> <!-- @AfterMethod afterMethodExecution -->
  <testcase name="@BeforeMethod beforeMethodExecution" time="0.0" classname="com.focus.testcases.FinancialReportsXTest">
    <skipped/>
  </testcase> <!-- @BeforeMethod beforeMethodExecution -->
  <testcase name="@AfterMethod afterMethodExecution" time="0.0" classname="com.focus.testcases.FinancialReportsXTest">
    <skipped/>
  </testcase> <!-- @AfterMethod afterMethodExecution -->
  <testcase name="@BeforeMethod beforeMethodExecution" time="0.0" classname="com.focus.testcases.FinancialReportsXTest">
    <skipped/>
  </testcase> <!-- @BeforeMethod beforeMethodExecution -->
  <testcase name="@AfterMethod afterMethodExecution" time="0.0" classname="com.focus.testcases.FinancialReportsXTest">
    <skipped/>
  </testcase> <!-- @AfterMethod afterMethodExecution -->
  <testcase name="@BeforeMethod beforeMethodExecution" time="0.0" classname="com.focus.testcases.FinancialReportsXTest">
    <skipped/>
  </testcase> <!-- @BeforeMethod beforeMethodExecution -->
  <testcase name="@AfterMethod afterMethodExecution" time="0.0" classname="com.focus.testcases.FinancialReportsXTest">
    <skipped/>
  </testcase> <!-- @AfterMethod afterMethodExecution -->
  <testcase name="@BeforeMethod beforeMethodExecution" time="0.0" classname="com.focus.testcases.FinancialReportsXTest">
    <skipped/>
  </testcase> <!-- @BeforeMethod beforeMethodExecution -->
  <testcase name="@AfterMethod afterMethodExecution" time="0.0" classname="com.focus.testcases.FinancialReportsXTest">
    <skipped/>
  </testcase> <!-- @AfterMethod afterMethodExecution -->
  <testcase name="@BeforeMethod beforeMethodExecution" time="0.0" classname="com.focus.testcases.FinancialReportsXTest">
    <skipped/>
  </testcase> <!-- @BeforeMethod beforeMethodExecution -->
  <testcase name="@AfterMethod afterMethodExecution" time="0.0" classname="com.focus.testcases.FinancialReportsXTest">
    <skipped/>
  </testcase> <!-- @AfterMethod afterMethodExecution -->
  <testcase name="@BeforeMethod beforeMethodExecution" time="0.0" classname="com.focus.testcases.FinancialReportsXTest">
    <skipped/>
  </testcase> <!-- @BeforeMethod beforeMethodExecution -->
  <testcase name="@AfterMethod afterMethodExecution" time="0.0" classname="com.focus.testcases.FinancialReportsXTest">
    <skipped/>
  </testcase> <!-- @AfterMethod afterMethodExecution -->
  <testcase name="@BeforeMethod beforeMethodExecution" time="0.0" classname="com.focus.testcases.FinancialReportsXTest">
    <skipped/>
  </testcase> <!-- @BeforeMethod beforeMethodExecution -->
  <testcase name="@AfterMethod afterMethodExecution" time="0.0" classname="com.focus.testcases.FinancialReportsXTest">
    <skipped/>
  </testcase> <!-- @AfterMethod afterMethodExecution -->
  <testcase name="@BeforeMethod beforeMethodExecution" time="0.0" classname="com.focus.testcases.FinancialReportsXTest">
    <skipped/>
  </testcase> <!-- @BeforeMethod beforeMethodExecution -->
  <testcase name="@AfterMethod afterMethodExecution" time="0.0" classname="com.focus.testcases.FinancialReportsXTest">
    <skipped/>
  </testcase> <!-- @AfterMethod afterMethodExecution -->
  <testcase name="@BeforeMethod beforeMethodExecution" time="0.0" classname="com.focus.testcases.FinancialReportsXTest">
    <skipped/>
  </testcase> <!-- @BeforeMethod beforeMethodExecution -->
  <testcase name="@AfterMethod afterMethodExecution" time="0.0" classname="com.focus.testcases.FinancialReportsXTest">
    <skipped/>
  </testcase> <!-- @AfterMethod afterMethodExecution -->
  <testcase name="@BeforeMethod beforeMethodExecution" time="0.0" classname="com.focus.testcases.FinancialReportsXTest">
    <skipped/>
  </testcase> <!-- @BeforeMethod beforeMethodExecution -->
  <testcase name="@AfterMethod afterMethodExecution" time="0.0" classname="com.focus.testcases.FinancialReportsXTest">
    <skipped/>
  </testcase> <!-- @AfterMethod afterMethodExecution -->
  <testcase name="@BeforeMethod beforeMethodExecution" time="0.0" classname="com.focus.testcases.FinancialReportsXTest">
    <skipped/>
  </testcase> <!-- @BeforeMethod beforeMethodExecution -->
  <testcase name="@AfterMethod afterMethodExecution" time="0.0" classname="com.focus.testcases.FinancialReportsXTest">
    <skipped/>
  </testcase> <!-- @AfterMethod afterMethodExecution -->
  <testcase name="@BeforeMethod beforeMethodExecution" time="0.0" classname="com.focus.testcases.FinancialReportsXTest">
    <skipped/>
  </testcase> <!-- @BeforeMethod beforeMethodExecution -->
  <testcase name="@AfterMethod afterMethodExecution" time="0.0" classname="com.focus.testcases.FinancialReportsXTest">
    <skipped/>
  </testcase> <!-- @AfterMethod afterMethodExecution -->
  <testcase name="@BeforeMethod beforeMethodExecution" time="0.0" classname="com.focus.testcases.FinancialReportsXTest">
    <skipped/>
  </testcase> <!-- @BeforeMethod beforeMethodExecution -->
  <testcase name="@AfterMethod afterMethodExecution" time="0.0" classname="com.focus.testcases.FinancialReportsXTest">
    <skipped/>
  </testcase> <!-- @AfterMethod afterMethodExecution -->
  <testcase name="@BeforeMethod beforeMethodExecution" time="0.0" classname="com.focus.testcases.FinancialReportsXTest">
    <skipped/>
  </testcase> <!-- @BeforeMethod beforeMethodExecution -->
  <testcase name="@AfterMethod afterMethodExecution" time="0.0" classname="com.focus.testcases.FinancialReportsXTest">
    <skipped/>
  </testcase> <!-- @AfterMethod afterMethodExecution -->
  <testcase name="@BeforeMethod beforeMethodExecution" time="0.0" classname="com.focus.testcases.FinancialReportsXTest">
    <skipped/>
  </testcase> <!-- @BeforeMethod beforeMethodExecution -->
  <testcase name="@AfterMethod afterMethodExecution" time="0.0" classname="com.focus.testcases.FinancialReportsXTest">
    <skipped/>
  </testcase> <!-- @AfterMethod afterMethodExecution -->
  <testcase name="@BeforeMethod beforeMethodExecution" time="0.0" classname="com.focus.testcases.FinancialReportsXTest">
    <skipped/>
  </testcase> <!-- @BeforeMethod beforeMethodExecution -->
  <testcase name="@AfterMethod afterMethodExecution" time="0.0" classname="com.focus.testcases.FinancialReportsXTest">
    <skipped/>
  </testcase> <!-- @AfterMethod afterMethodExecution -->
  <testcase name="@BeforeMethod beforeMethodExecution" time="0.0" classname="com.focus.testcases.FinancialReportsXTest">
    <skipped/>
  </testcase> <!-- @BeforeMethod beforeMethodExecution -->
  <testcase name="@AfterMethod afterMethodExecution" time="0.0" classname="com.focus.testcases.FinancialReportsXTest">
    <skipped/>
  </testcase> <!-- @AfterMethod afterMethodExecution -->
  <testcase name="@BeforeMethod beforeMethodExecution" time="0.0" classname="com.focus.testcases.FinancialReportsXTest">
    <skipped/>
  </testcase> <!-- @BeforeMethod beforeMethodExecution -->
  <testcase name="@AfterMethod afterMethodExecution" time="0.0" classname="com.focus.testcases.FinancialReportsXTest">
    <skipped/>
  </testcase> <!-- @AfterMethod afterMethodExecution -->
  <testcase name="@BeforeMethod beforeMethodExecution" time="0.0" classname="com.focus.testcases.FinancialReportsXTest">
    <skipped/>
  </testcase> <!-- @BeforeMethod beforeMethodExecution -->
  <testcase name="@AfterMethod afterMethodExecution" time="0.0" classname="com.focus.testcases.FinancialReportsXTest">
    <skipped/>
  </testcase> <!-- @AfterMethod afterMethodExecution -->
  <testcase name="@BeforeMethod beforeMethodExecution" time="0.0" classname="com.focus.testcases.FinancialReportsXTest">
    <skipped/>
  </testcase> <!-- @BeforeMethod beforeMethodExecution -->
  <testcase name="@AfterMethod afterMethodExecution" time="0.0" classname="com.focus.testcases.FinancialReportsXTest">
    <skipped/>
  </testcase> <!-- @AfterMethod afterMethodExecution -->
  <testcase name="@BeforeMethod beforeMethodExecution" time="0.0" classname="com.focus.testcases.FinancialReportsXTest">
    <skipped/>
  </testcase> <!-- @BeforeMethod beforeMethodExecution -->
  <testcase name="@AfterMethod afterMethodExecution" time="0.0" classname="com.focus.testcases.FinancialReportsXTest">
    <skipped/>
  </testcase> <!-- @AfterMethod afterMethodExecution -->
  <testcase name="@BeforeMethod beforeMethodExecution" time="0.0" classname="com.focus.testcases.FinancialReportsXTest">
    <skipped/>
  </testcase> <!-- @BeforeMethod beforeMethodExecution -->
  <testcase name="@AfterMethod afterMethodExecution" time="0.0" classname="com.focus.testcases.FinancialReportsXTest">
    <skipped/>
  </testcase> <!-- @AfterMethod afterMethodExecution -->
  <testcase name="@BeforeMethod beforeMethodExecution" time="0.0" classname="com.focus.testcases.FinancialReportsXTest">
    <skipped/>
  </testcase> <!-- @BeforeMethod beforeMethodExecution -->
  <testcase name="@AfterMethod afterMethodExecution" time="0.0" classname="com.focus.testcases.FinancialReportsXTest">
    <skipped/>
  </testcase> <!-- @AfterMethod afterMethodExecution -->
  <testcase name="@BeforeMethod beforeMethodExecution" time="0.0" classname="com.focus.testcases.FinancialReportsXTest">
    <skipped/>
  </testcase> <!-- @BeforeMethod beforeMethodExecution -->
  <testcase name="@AfterMethod afterMethodExecution" time="0.0" classname="com.focus.testcases.FinancialReportsXTest">
    <skipped/>
  </testcase> <!-- @AfterMethod afterMethodExecution -->
  <testcase name="@BeforeMethod beforeMethodExecution" time="0.0" classname="com.focus.testcases.FinancialReportsXTest">
    <skipped/>
  </testcase> <!-- @BeforeMethod beforeMethodExecution -->
  <testcase name="@AfterMethod afterMethodExecution" time="0.0" classname="com.focus.testcases.FinancialReportsXTest">
    <skipped/>
  </testcase> <!-- @AfterMethod afterMethodExecution -->
  <testcase name="@BeforeMethod beforeMethodExecution" time="0.0" classname="com.focus.testcases.FinancialReportsXTest">
    <skipped/>
  </testcase> <!-- @BeforeMethod beforeMethodExecution -->
  <testcase name="@AfterMethod afterMethodExecution" time="0.0" classname="com.focus.testcases.FinancialReportsXTest">
    <skipped/>
  </testcase> <!-- @AfterMethod afterMethodExecution -->
  <testcase name="@BeforeMethod beforeMethodExecution" time="0.0" classname="com.focus.testcases.FinancialReportsXTest">
    <skipped/>
  </testcase> <!-- @BeforeMethod beforeMethodExecution -->
  <testcase name="@AfterMethod afterMethodExecution" time="0.0" classname="com.focus.testcases.FinancialReportsXTest">
    <skipped/>
  </testcase> <!-- @AfterMethod afterMethodExecution -->
  <testcase name="@BeforeMethod beforeMethodExecution" time="0.0" classname="com.focus.testcases.FinancialReportsXTest">
    <skipped/>
  </testcase> <!-- @BeforeMethod beforeMethodExecution -->
  <testcase name="@AfterMethod afterMethodExecution" time="0.0" classname="com.focus.testcases.FinancialReportsXTest">
    <skipped/>
  </testcase> <!-- @AfterMethod afterMethodExecution -->
  <testcase name="@BeforeMethod beforeMethodExecution" time="0.0" classname="com.focus.testcases.FinancialReportsXTest">
    <skipped/>
  </testcase> <!-- @BeforeMethod beforeMethodExecution -->
  <testcase name="@AfterMethod afterMethodExecution" time="0.0" classname="com.focus.testcases.FinancialReportsXTest">
    <skipped/>
  </testcase> <!-- @AfterMethod afterMethodExecution -->
  <testcase name="@BeforeMethod beforeMethodExecution" time="0.0" classname="com.focus.testcases.FinancialReportsXTest">
    <skipped/>
  </testcase> <!-- @BeforeMethod beforeMethodExecution -->
  <testcase name="@AfterMethod afterMethodExecution" time="0.0" classname="com.focus.testcases.FinancialReportsXTest">
    <skipped/>
  </testcase> <!-- @AfterMethod afterMethodExecution -->
  <testcase name="@BeforeMethod beforeMethodExecution" time="0.0" classname="com.focus.testcases.FinancialReportsXTest">
    <skipped/>
  </testcase> <!-- @BeforeMethod beforeMethodExecution -->
  <testcase name="@AfterMethod afterMethodExecution" time="0.0" classname="com.focus.testcases.FinancialReportsXTest">
    <skipped/>
  </testcase> <!-- @AfterMethod afterMethodExecution -->
  <testcase name="@BeforeMethod beforeMethodExecution" time="0.0" classname="com.focus.testcases.FinancialReportsXTest">
    <skipped/>
  </testcase> <!-- @BeforeMethod beforeMethodExecution -->
  <testcase name="@AfterMethod afterMethodExecution" time="0.0" classname="com.focus.testcases.FinancialReportsXTest">
    <skipped/>
  </testcase> <!-- @AfterMethod afterMethodExecution -->
  <testcase name="@BeforeMethod beforeMethodExecution" time="0.0" classname="com.focus.testcases.FinancialReportsXTest">
    <skipped/>
  </testcase> <!-- @BeforeMethod beforeMethodExecution -->
  <testcase name="@AfterMethod afterMethodExecution" time="0.0" classname="com.focus.testcases.FinancialReportsXTest">
    <skipped/>
  </testcase> <!-- @AfterMethod afterMethodExecution -->
  <testcase name="@BeforeMethod beforeMethodExecution" time="0.0" classname="com.focus.testcases.FinancialReportsXTest">
    <skipped/>
  </testcase> <!-- @BeforeMethod beforeMethodExecution -->
  <testcase name="@AfterMethod afterMethodExecution" time="0.0" classname="com.focus.testcases.FinancialReportsXTest">
    <skipped/>
  </testcase> <!-- @AfterMethod afterMethodExecution -->
  <testcase name="@BeforeMethod beforeMethodExecution" time="0.0" classname="com.focus.testcases.FinancialReportsXTest">
    <skipped/>
  </testcase> <!-- @BeforeMethod beforeMethodExecution -->
  <testcase name="@AfterMethod afterMethodExecution" time="0.0" classname="com.focus.testcases.FinancialReportsXTest">
    <skipped/>
  </testcase> <!-- @AfterMethod afterMethodExecution -->
  <testcase name="@BeforeMethod beforeMethodExecution" time="0.0" classname="com.focus.testcases.FinancialReportsXTest">
    <skipped/>
  </testcase> <!-- @BeforeMethod beforeMethodExecution -->
  <testcase name="@AfterMethod afterMethodExecution" time="0.0" classname="com.focus.testcases.FinancialReportsXTest">
    <skipped/>
  </testcase> <!-- @AfterMethod afterMethodExecution -->
  <testcase name="@BeforeMethod beforeMethodExecution" time="0.0" classname="com.focus.testcases.FinancialReportsXTest">
    <skipped/>
  </testcase> <!-- @BeforeMethod beforeMethodExecution -->
  <testcase name="@AfterMethod afterMethodExecution" time="0.0" classname="com.focus.testcases.FinancialReportsXTest">
    <skipped/>
  </testcase> <!-- @AfterMethod afterMethodExecution -->
  <testcase name="@BeforeMethod beforeMethodExecution" time="0.0" classname="com.focus.testcases.FinancialReportsXTest">
    <skipped/>
  </testcase> <!-- @BeforeMethod beforeMethodExecution -->
  <testcase name="@AfterMethod afterMethodExecution" time="0.0" classname="com.focus.testcases.FinancialReportsXTest">
    <skipped/>
  </testcase> <!-- @AfterMethod afterMethodExecution -->
  <testcase name="@BeforeMethod beforeMethodExecution" time="0.0" classname="com.focus.testcases.FinancialReportsXTest">
    <skipped/>
  </testcase> <!-- @BeforeMethod beforeMethodExecution -->
  <testcase name="@AfterMethod afterMethodExecution" time="0.0" classname="com.focus.testcases.FinancialReportsXTest">
    <skipped/>
  </testcase> <!-- @AfterMethod afterMethodExecution -->
  <testcase name="@BeforeMethod beforeMethodExecution" time="0.0" classname="com.focus.testcases.FinancialReportsXTest">
    <skipped/>
  </testcase> <!-- @BeforeMethod beforeMethodExecution -->
  <testcase name="@AfterMethod afterMethodExecution" time="0.0" classname="com.focus.testcases.FinancialReportsXTest">
    <skipped/>
  </testcase> <!-- @AfterMethod afterMethodExecution -->
  <testcase name="@BeforeMethod beforeMethodExecution" time="0.0" classname="com.focus.testcases.FinancialReportsXTest">
    <skipped/>
  </testcase> <!-- @BeforeMethod beforeMethodExecution -->
  <testcase name="@AfterMethod afterMethodExecution" time="0.0" classname="com.focus.testcases.FinancialReportsXTest">
    <skipped/>
  </testcase> <!-- @AfterMethod afterMethodExecution -->
  <testcase name="@BeforeMethod beforeMethodExecution" time="0.0" classname="com.focus.testcases.FinancialReportsXTest">
    <skipped/>
  </testcase> <!-- @BeforeMethod beforeMethodExecution -->
  <testcase name="@AfterMethod afterMethodExecution" time="0.0" classname="com.focus.testcases.FinancialReportsXTest">
    <skipped/>
  </testcase> <!-- @AfterMethod afterMethodExecution -->
  <testcase name="@BeforeMethod beforeMethodExecution" time="0.0" classname="com.focus.testcases.FinancialReportsXTest">
    <skipped/>
  </testcase> <!-- @BeforeMethod beforeMethodExecution -->
  <testcase name="@AfterMethod afterMethodExecution" time="0.0" classname="com.focus.testcases.FinancialReportsXTest">
    <skipped/>
  </testcase> <!-- @AfterMethod afterMethodExecution -->
  <testcase name="@BeforeMethod beforeMethodExecution" time="0.0" classname="com.focus.testcases.FinancialReportsXTest">
    <skipped/>
  </testcase> <!-- @BeforeMethod beforeMethodExecution -->
  <testcase name="@AfterMethod afterMethodExecution" time="0.0" classname="com.focus.testcases.FinancialReportsXTest">
    <skipped/>
  </testcase> <!-- @AfterMethod afterMethodExecution -->
  <testcase name="@BeforeMethod beforeMethodExecution" time="0.0" classname="com.focus.testcases.FinancialReportsXTest">
    <skipped/>
  </testcase> <!-- @BeforeMethod beforeMethodExecution -->
  <testcase name="@AfterMethod afterMethodExecution" time="0.0" classname="com.focus.testcases.FinancialReportsXTest">
    <skipped/>
  </testcase> <!-- @AfterMethod afterMethodExecution -->
  <testcase name="@BeforeMethod beforeMethodExecution" time="0.0" classname="com.focus.testcases.FinancialReportsXTest">
    <skipped/>
  </testcase> <!-- @BeforeMethod beforeMethodExecution -->
  <testcase name="@AfterMethod afterMethodExecution" time="0.0" classname="com.focus.testcases.FinancialReportsXTest">
    <skipped/>
  </testcase> <!-- @AfterMethod afterMethodExecution -->
  <testcase name="@BeforeMethod beforeMethodExecution" time="0.0" classname="com.focus.testcases.FinancialReportsXTest">
    <skipped/>
  </testcase> <!-- @BeforeMethod beforeMethodExecution -->
  <testcase name="@AfterMethod afterMethodExecution" time="0.0" classname="com.focus.testcases.FinancialReportsXTest">
    <skipped/>
  </testcase> <!-- @AfterMethod afterMethodExecution -->
  <testcase name="@BeforeMethod beforeMethodExecution" time="0.0" classname="com.focus.testcases.FinancialReportsXTest">
    <skipped/>
  </testcase> <!-- @BeforeMethod beforeMethodExecution -->
  <testcase name="@AfterMethod afterMethodExecution" time="0.0" classname="com.focus.testcases.FinancialReportsXTest">
    <skipped/>
  </testcase> <!-- @AfterMethod afterMethodExecution -->
  <testcase name="@BeforeMethod beforeMethodExecution" time="0.0" classname="com.focus.testcases.FinancialReportsXTest">
    <skipped/>
  </testcase> <!-- @BeforeMethod beforeMethodExecution -->
  <testcase name="@AfterMethod afterMethodExecution" time="0.0" classname="com.focus.testcases.FinancialReportsXTest">
    <skipped/>
  </testcase> <!-- @AfterMethod afterMethodExecution -->
  <testcase name="@BeforeMethod beforeMethodExecution" time="0.0" classname="com.focus.testcases.FinancialReportsXTest">
    <skipped/>
  </testcase> <!-- @BeforeMethod beforeMethodExecution -->
  <testcase name="@AfterMethod afterMethodExecution" time="0.0" classname="com.focus.testcases.FinancialReportsXTest">
    <skipped/>
  </testcase> <!-- @AfterMethod afterMethodExecution -->
  <testcase name="@BeforeMethod beforeMethodExecution" time="0.0" classname="com.focus.testcases.FinancialReportsXTest">
    <skipped/>
  </testcase> <!-- @BeforeMethod beforeMethodExecution -->
  <testcase name="@AfterMethod afterMethodExecution" time="0.0" classname="com.focus.testcases.FinancialReportsXTest">
    <skipped/>
  </testcase> <!-- @AfterMethod afterMethodExecution -->
  <testcase name="@BeforeMethod beforeMethodExecution" time="0.0" classname="com.focus.testcases.FinancialReportsXTest">
    <skipped/>
  </testcase> <!-- @BeforeMethod beforeMethodExecution -->
  <testcase name="@AfterMethod afterMethodExecution" time="0.0" classname="com.focus.testcases.FinancialReportsXTest">
    <skipped/>
  </testcase> <!-- @AfterMethod afterMethodExecution -->
  <testcase name="@BeforeMethod beforeMethodExecution" time="0.0" classname="com.focus.testcases.FinancialReportsXTest">
    <skipped/>
  </testcase> <!-- @BeforeMethod beforeMethodExecution -->
  <testcase name="@AfterMethod afterMethodExecution" time="0.0" classname="com.focus.testcases.FinancialReportsXTest">
    <skipped/>
  </testcase> <!-- @AfterMethod afterMethodExecution -->
  <testcase name="@BeforeMethod beforeMethodExecution" time="0.0" classname="com.focus.testcases.FinancialReportsXTest">
    <skipped/>
  </testcase> <!-- @BeforeMethod beforeMethodExecution -->
  <testcase name="@AfterMethod afterMethodExecution" time="0.0" classname="com.focus.testcases.FinancialReportsXTest">
    <skipped/>
  </testcase> <!-- @AfterMethod afterMethodExecution -->
  <testcase name="@BeforeMethod beforeMethodExecution" time="0.0" classname="com.focus.testcases.FinancialReportsXTest">
    <skipped/>
  </testcase> <!-- @BeforeMethod beforeMethodExecution -->
  <testcase name="@AfterMethod afterMethodExecution" time="0.0" classname="com.focus.testcases.FinancialReportsXTest">
    <skipped/>
  </testcase> <!-- @AfterMethod afterMethodExecution -->
  <testcase name="@BeforeMethod beforeMethodExecution" time="0.0" classname="com.focus.testcases.FinancialReportsXTest">
    <skipped/>
  </testcase> <!-- @BeforeMethod beforeMethodExecution -->
  <testcase name="@AfterMethod afterMethodExecution" time="0.0" classname="com.focus.testcases.FinancialReportsXTest">
    <skipped/>
  </testcase> <!-- @AfterMethod afterMethodExecution -->
  <testcase name="@BeforeMethod beforeMethodExecution" time="0.0" classname="com.focus.testcases.FinancialReportsXTest">
    <skipped/>
  </testcase> <!-- @BeforeMethod beforeMethodExecution -->
  <testcase name="@AfterMethod afterMethodExecution" time="0.0" classname="com.focus.testcases.FinancialReportsXTest">
    <skipped/>
  </testcase> <!-- @AfterMethod afterMethodExecution -->
  <testcase name="@BeforeMethod beforeMethodExecution" time="0.0" classname="com.focus.testcases.FinancialReportsXTest">
    <skipped/>
  </testcase> <!-- @BeforeMethod beforeMethodExecution -->
  <testcase name="@AfterMethod afterMethodExecution" time="0.0" classname="com.focus.testcases.FinancialReportsXTest">
    <skipped/>
  </testcase> <!-- @AfterMethod afterMethodExecution -->
  <testcase name="@BeforeMethod beforeMethodExecution" time="0.0" classname="com.focus.testcases.FinancialReportsXTest">
    <skipped/>
  </testcase> <!-- @BeforeMethod beforeMethodExecution -->
  <testcase name="@AfterMethod afterMethodExecution" time="0.0" classname="com.focus.testcases.FinancialReportsXTest">
    <skipped/>
  </testcase> <!-- @AfterMethod afterMethodExecution -->
  <testcase name="@BeforeMethod beforeMethodExecution" time="0.0" classname="com.focus.testcases.FinancialReportsXTest">
    <skipped/>
  </testcase> <!-- @BeforeMethod beforeMethodExecution -->
  <testcase name="@AfterMethod afterMethodExecution" time="0.0" classname="com.focus.testcases.FinancialReportsXTest">
    <skipped/>
  </testcase> <!-- @AfterMethod afterMethodExecution -->
  <testcase name="@BeforeMethod beforeMethodExecution" time="0.0" classname="com.focus.testcases.FinancialReportsXTest">
    <skipped/>
  </testcase> <!-- @BeforeMethod beforeMethodExecution -->
  <testcase name="@AfterMethod afterMethodExecution" time="0.0" classname="com.focus.testcases.FinancialReportsXTest">
    <skipped/>
  </testcase> <!-- @AfterMethod afterMethodExecution -->
  <testcase name="@BeforeMethod beforeMethodExecution" time="0.0" classname="com.focus.testcases.FinancialReportsXTest">
    <skipped/>
  </testcase> <!-- @BeforeMethod beforeMethodExecution -->
  <testcase name="@AfterMethod afterMethodExecution" time="0.0" classname="com.focus.testcases.FinancialReportsXTest">
    <skipped/>
  </testcase> <!-- @AfterMethod afterMethodExecution -->
  <testcase name="@BeforeMethod beforeMethodExecution" time="0.0" classname="com.focus.testcases.FinancialReportsXTest">
    <skipped/>
  </testcase> <!-- @BeforeMethod beforeMethodExecution -->
  <testcase name="@AfterMethod afterMethodExecution" time="0.0" classname="com.focus.testcases.FinancialReportsXTest">
    <skipped/>
  </testcase> <!-- @AfterMethod afterMethodExecution -->
  <testcase name="@BeforeMethod beforeMethodExecution" time="0.0" classname="com.focus.testcases.FinancialReportsXTest">
    <skipped/>
  </testcase> <!-- @BeforeMethod beforeMethodExecution -->
  <testcase name="@AfterMethod afterMethodExecution" time="0.0" classname="com.focus.testcases.FinancialReportsXTest">
    <skipped/>
  </testcase> <!-- @AfterMethod afterMethodExecution -->
  <testcase name="@BeforeMethod beforeMethodExecution" time="0.0" classname="com.focus.testcases.FinancialReportsXTest">
    <skipped/>
  </testcase> <!-- @BeforeMethod beforeMethodExecution -->
  <testcase name="@AfterMethod afterMethodExecution" time="0.0" classname="com.focus.testcases.FinancialReportsXTest">
    <skipped/>
  </testcase> <!-- @AfterMethod afterMethodExecution -->
  <testcase name="@BeforeMethod beforeMethodExecution" time="0.0" classname="com.focus.testcases.FinancialReportsXTest">
    <skipped/>
  </testcase> <!-- @BeforeMethod beforeMethodExecution -->
  <testcase name="@AfterMethod afterMethodExecution" time="0.0" classname="com.focus.testcases.FinancialReportsXTest">
    <skipped/>
  </testcase> <!-- @AfterMethod afterMethodExecution -->
  <testcase name="@BeforeMethod beforeMethodExecution" time="0.0" classname="com.focus.testcases.FinancialReportsXTest">
    <skipped/>
  </testcase> <!-- @BeforeMethod beforeMethodExecution -->
  <testcase name="@AfterMethod afterMethodExecution" time="0.0" classname="com.focus.testcases.FinancialReportsXTest">
    <skipped/>
  </testcase> <!-- @AfterMethod afterMethodExecution -->
  <testcase name="@BeforeMethod beforeMethodExecution" time="0.0" classname="com.focus.testcases.FinancialReportsXTest">
    <skipped/>
  </testcase> <!-- @BeforeMethod beforeMethodExecution -->
  <testcase name="@AfterMethod afterMethodExecution" time="0.0" classname="com.focus.testcases.FinancialReportsXTest">
    <skipped/>
  </testcase> <!-- @AfterMethod afterMethodExecution -->
  <testcase name="@BeforeMethod beforeMethodExecution" time="0.0" classname="com.focus.testcases.FinancialReportsXTest">
    <skipped/>
  </testcase> <!-- @BeforeMethod beforeMethodExecution -->
  <testcase name="@AfterMethod afterMethodExecution" time="0.0" classname="com.focus.testcases.FinancialReportsXTest">
    <skipped/>
  </testcase> <!-- @AfterMethod afterMethodExecution -->
  <testcase name="@BeforeMethod beforeMethodExecution" time="0.0" classname="com.focus.testcases.FinancialReportsXTest">
    <skipped/>
  </testcase> <!-- @BeforeMethod beforeMethodExecution -->
  <testcase name="@AfterMethod afterMethodExecution" time="0.0" classname="com.focus.testcases.FinancialReportsXTest">
    <skipped/>
  </testcase> <!-- @AfterMethod afterMethodExecution -->
  <testcase name="@BeforeMethod beforeMethodExecution" time="0.0" classname="com.focus.testcases.FinancialReportsXTest">
    <skipped/>
  </testcase> <!-- @BeforeMethod beforeMethodExecution -->
  <testcase name="@AfterMethod afterMethodExecution" time="0.0" classname="com.focus.testcases.FinancialReportsXTest">
    <skipped/>
  </testcase> <!-- @AfterMethod afterMethodExecution -->
  <testcase name="@BeforeMethod beforeMethodExecution" time="0.0" classname="com.focus.testcases.FinancialReportsXTest">
    <skipped/>
  </testcase> <!-- @BeforeMethod beforeMethodExecution -->
  <testcase name="@AfterMethod afterMethodExecution" time="0.0" classname="com.focus.testcases.FinancialReportsXTest">
    <skipped/>
  </testcase> <!-- @AfterMethod afterMethodExecution -->
  <testcase name="@BeforeMethod beforeMethodExecution" time="0.0" classname="com.focus.testcases.FinancialReportsXTest">
    <skipped/>
  </testcase> <!-- @BeforeMethod beforeMethodExecution -->
  <testcase name="@AfterMethod afterMethodExecution" time="0.0" classname="com.focus.testcases.FinancialReportsXTest">
    <skipped/>
  </testcase> <!-- @AfterMethod afterMethodExecution -->
  <testcase name="@BeforeMethod beforeMethodExecution" time="0.0" classname="com.focus.testcases.FinancialReportsXTest">
    <skipped/>
  </testcase> <!-- @BeforeMethod beforeMethodExecution -->
  <testcase name="@AfterMethod afterMethodExecution" time="0.0" classname="com.focus.testcases.FinancialReportsXTest">
    <skipped/>
  </testcase> <!-- @AfterMethod afterMethodExecution -->
  <testcase name="@BeforeMethod beforeMethodExecution" time="0.0" classname="com.focus.testcases.FinancialReportsXTest">
    <skipped/>
  </testcase> <!-- @BeforeMethod beforeMethodExecution -->
  <testcase name="@AfterMethod afterMethodExecution" time="0.0" classname="com.focus.testcases.FinancialReportsXTest">
    <skipped/>
  </testcase> <!-- @AfterMethod afterMethodExecution -->
  <testcase name="@BeforeMethod beforeMethodExecution" time="0.0" classname="com.focus.testcases.FinancialReportsXTest">
    <skipped/>
  </testcase> <!-- @BeforeMethod beforeMethodExecution -->
  <testcase name="@AfterMethod afterMethodExecution" time="0.0" classname="com.focus.testcases.FinancialReportsXTest">
    <skipped/>
  </testcase> <!-- @AfterMethod afterMethodExecution -->
  <testcase name="@BeforeMethod beforeMethodExecution" time="0.0" classname="com.focus.testcases.FinancialReportsXTest">
    <skipped/>
  </testcase> <!-- @BeforeMethod beforeMethodExecution -->
  <testcase name="@AfterMethod afterMethodExecution" time="0.0" classname="com.focus.testcases.FinancialReportsXTest">
    <skipped/>
  </testcase> <!-- @AfterMethod afterMethodExecution -->
[...]
    <skipped/>
  </testcase> <!-- CheckPrintAndCustomiseOptionnInvendorDetailsVendorDetailsAgeingByDueDateReport -->
  <testcase name="checkVendorDetailsAgeingByDueDateReportBackTrackOption" time="0.0" classname="com.focus.testcases.FinancialReportsXTest">
    <skipped/>
  </testcase> <!-- checkVendorDetailsAgeingByDueDateReportBackTrackOption -->
  <testcase name="checkVendorDetailsVendorOverdueAnalysisReport" time="0.0" classname="com.focus.testcases.FinancialReportsXTest">
    <skipped/>
  </testcase> <!-- checkVendorDetailsVendorOverdueAnalysisReport -->
  <testcase name="CheckPrintAndCustomiseOptionnInVendorDetailsVendorOverdueAnalysisReport" time="0.0" classname="com.focus.testcases.FinancialReportsXTest">
    <skipped/>
  </testcase> <!-- CheckPrintAndCustomiseOptionnInVendorDetailsVendorOverdueAnalysisReport -->
  <testcase name="checkVendorOverdueAnalysisReportBackTrackOption" time="0.0" classname="com.focus.testcases.FinancialReportsXTest">
    <skipped/>
  </testcase> <!-- checkVendorOverdueAnalysisReportBackTrackOption -->
  <testcase name="checkVendorSummeryVendorAgeingSummaryReport" time="0.001" classname="com.focus.testcases.FinancialReportsXTest">
    <skipped/>
  </testcase> <!-- checkVendorSummeryVendorAgeingSummaryReport -->
  <testcase name="CheckPrintAndCustomiseOptionnInVendorSummeryVendorAgeingSummaryReport" time="0.001" classname="com.focus.testcases.FinancialReportsXTest">
    <skipped/>
  </testcase> <!-- CheckPrintAndCustomiseOptionnInVendorSummeryVendorAgeingSummaryReport -->
  <testcase name="checkSummeryVendorAgeingSummaryReportBackTrackOption" time="0.001" classname="com.focus.testcases.FinancialReportsXTest">
    <skipped/>
  </testcase> <!-- checkSummeryVendorAgeingSummaryReportBackTrackOption -->
  <testcase name="checkVendorSummeryVendorSummaryAgeingByDueDateReport" time="0.001" classname="com.focus.testcases.FinancialReportsXTest">
    <skipped/>
  </testcase> <!-- checkVendorSummeryVendorSummaryAgeingByDueDateReport -->
  <testcase name="CheckPrintAndCustomiseOptionnInVendorSummeryVendorSummaryAgeingByDueDateReport" time="0.001" classname="com.focus.testcases.FinancialReportsXTest">
    <skipped/>
  </testcase> <!-- CheckPrintAndCustomiseOptionnInVendorSummeryVendorSummaryAgeingByDueDateReport -->
  <testcase name="checkVendorSummeryVendorSummaryAgeingByDueDateReportBackTrackOption" time="0.0" classname="com.focus.testcases.FinancialReportsXTest">
    <skipped/>
  </testcase> <!-- checkVendorSummeryVendorSummaryAgeingByDueDateReportBackTrackOption -->
  <testcase name="checkVendorSummeryVendorOverdueSummaryReport" time="0.0" classname="com.focus.testcases.FinancialReportsXTest">
    <skipped/>
  </testcase> <!-- checkVendorSummeryVendorOverdueSummaryReport -->
  <testcase name="CheckPrintAndCustomiseOptionnInVendorSummeryVendorOverdueSummaryReport" time="0.0" classname="com.focus.testcases.FinancialReportsXTest">
    <skipped/>
  </testcase> <!-- CheckPrintAndCustomiseOptionnInVendorSummeryVendorOverdueSummaryReport -->
  <testcase name="checkVendorVendorSummeryVendorOverdueSummaryReportBackTrackOption" time="0.0" classname="com.focus.testcases.FinancialReportsXTest">
    <skipped/>
  </testcase> <!-- checkVendorVendorSummeryVendorOverdueSummaryReportBackTrackOption -->
  <testcase name="checkVendorSummeryVendorBillWiseSummaryReport" time="0.0" classname="com.focus.testcases.FinancialReportsXTest">
    <skipped/>
  </testcase> <!-- checkVendorSummeryVendorBillWiseSummaryReport -->
  <testcase name="CheckPrintAndCustomiseOptionnInVendorSummeryVendorBillwiseSummaryReport" time="0.0" classname="com.focus.testcases.FinancialReportsXTest">
    <skipped/>
  </testcase> <!-- CheckPrintAndCustomiseOptionnInVendorSummeryVendorBillwiseSummaryReport -->
  <testcase name="checkVendorSummeryVendorBillwiseSummaryReportBackTrackOption" time="0.0" classname="com.focus.testcases.FinancialReportsXTest">
    <skipped/>
  </testcase> <!-- checkVendorSummeryVendorBillwiseSummaryReportBackTrackOption -->
  <testcase name="checkCustomerAgeingSummaryReportwithFilterOptionincludeMontlyAgeingChkBox" time="0.0" classname="com.focus.testcases.FinancialReportsXTest">
    <skipped/>
  </testcase> <!-- checkCustomerAgeingSummaryReportwithFilterOptionincludeMontlyAgeingChkBox -->
  <testcase name="checkCustomerAgeingSummaryReportwithFilterOptionasAccountWithoutIncludeMothlyAgeingChkBox" time="0.0" classname="com.focus.testcases.FinancialReportsXTest">
    <skipped/>
  </testcase> <!-- checkCustomerAgeingSummaryReportwithFilterOptionasAccountWithoutIncludeMothlyAgeingChkBox -->
  <testcase name="checkCustomerSummaryByDueDatewithFilterOptionincludeMonthlyAgeingChkBox" time="0.0" classname="com.focus.testcases.FinancialReportsXTest">
    <skipped/>
  </testcase> <!-- checkCustomerSummaryByDueDatewithFilterOptionincludeMonthlyAgeingChkBox -->
  <testcase name="checkLoginWithUserAllOptionsSTforCustomer" time="0.0" classname="com.focus.testcases.FinancialReportsXTest">
    <skipped/>
  </testcase> <!-- checkLoginWithUserAllOptionsSTforCustomer -->
  <testcase name="checkCustomerAgeingSummaryReportwithFilterOptionincludeMontlyAgeingChkBoxWithUserAllOptionsST" time="0.0" classname="com.focus.testcases.FinancialReportsXTest">
    <skipped/>
  </testcase> <!-- checkCustomerAgeingSummaryReportwithFilterOptionincludeMontlyAgeingChkBoxWithUserAllOptionsST -->
  <testcase name="checkCustomerAgeingSummaryReportwithFilterOptionasAccountWithoutIncludeMothlyAgeingChkBoxWithUserAllOptionsST" time="0.001" classname="com.focus.testcases.FinancialReportsXTest">
    <skipped/>
  </testcase> <!-- checkCustomerAgeingSummaryReportwithFilterOptionasAccountWithoutIncludeMothlyAgeingChkBoxWithUserAllOptionsST -->
  <testcase name="checkCustomerSummaryByDueDatewithFilterOptionincludeMonthlyAgeingChkBoxWithUserAllOptionsST" time="0.001" classname="com.focus.testcases.FinancialReportsXTest">
    <skipped/>
  </testcase> <!-- checkCustomerSummaryByDueDatewithFilterOptionincludeMonthlyAgeingChkBoxWithUserAllOptionsST -->
  <testcase name="checkCustomerStatementHeaderFieldsBeforeCustomization" time="0.0" classname="com.focus.testcases.FinancialReportsXTest">
    <skipped/>
  </testcase> <!-- checkCustomerStatementHeaderFieldsBeforeCustomization -->
  <testcase name="checkCustomerStatementwithCustomizationLevelFieldsReport" time="0.001" classname="com.focus.testcases.FinancialReportsXTest">
    <skipped/>
  </testcase> <!-- checkCustomerStatementwithCustomizationLevelFieldsReport -->
  <testcase name="checkAddingLevelFieldsunderCustomization" time="0.001" classname="com.focus.testcases.FinancialReportsXTest">
    <skipped/>
  </testcase> <!-- checkAddingLevelFieldsunderCustomization -->
  <testcase name="checkCustomerStatementHeaderDetailsAfterCustomization" time="0.0" classname="com.focus.testcases.FinancialReportsXTest">
    <skipped/>
  </testcase> <!-- checkCustomerStatementHeaderDetailsAfterCustomization -->
  <testcase name="checkProfitAndLossReportwithFilterOptionatUserAllOptionsST" time="0.0" classname="com.focus.testcases.FinancialReportsXTest">
    <skipped/>
  </testcase> <!-- checkProfitAndLossReportwithFilterOptionatUserAllOptionsST -->
  <testcase name="checkProfitLossAnalyzeOptionatUserAllOptionsST" time="0.0" classname="com.focus.testcases.FinancialReportsXTest">
    <skipped/>
  </testcase> <!-- checkProfitLossAnalyzeOptionatUserAllOptionsST -->
  <testcase name="checkProfitLossAnalyzeReportExportExcelOptionatUserAllOptionsST" time="0.0" classname="com.focus.testcases.FinancialReportsXTest">
    <skipped/>
  </testcase> <!-- checkProfitLossAnalyzeReportExportExcelOptionatUserAllOptionsST -->
  <testcase name="checkProfitLossAnalyzeReportExportPDFOptionatUserAllOptionsST" time="0.0" classname="com.focus.testcases.FinancialReportsXTest">
    <skipped/>
  </testcase> <!-- checkProfitLossAnalyzeReportExportPDFOptionatUserAllOptionsST -->
  <testcase name="checkProfitLossAnalyzeReportPrintOptionatUserAllOptionsST" time="0.208" classname="com.focus.testcases.FinancialReportsXTest">
    <skipped/>
  </testcase> <!-- checkProfitLossAnalyzeReportPrintOptionatUserAllOptionsST -->
  <testcase name="checkProfitLossAnalyzeReportSaveOptionatUserAllOptionsST" time="0.001" classname="com.focus.testcases.FinancialReportsXTest">
    <skipped/>
  </testcase> <!-- checkProfitLossAnalyzeReportSaveOptionatUserAllOptionsST -->
  <testcase name="checkProfitLossReportwithtakingfilterOptionasNotEqualToatUserAllOptionsST" time="0.0" classname="com.focus.testcases.FinancialReportsXTest">
    <skipped/>
  </testcase> <!-- checkProfitLossReportwithtakingfilterOptionasNotEqualToatUserAllOptionsST -->
  <testcase name="checkBalanceSheetReportwithFilterOptionatUserAllOptionsST" time="0.001" classname="com.focus.testcases.FinancialReportsXTest">
    <skipped/>
  </testcase> <!-- checkBalanceSheetReportwithFilterOptionatUserAllOptionsST -->
  <testcase name="checkBalanceSheetAnalyzeOptionatUserAllOptionsST" time="0.001" classname="com.focus.testcases.FinancialReportsXTest">
    <skipped/>
  </testcase> <!-- checkBalanceSheetAnalyzeOptionatUserAllOptionsST -->
  <testcase name="checkBalanceSheetAnalyzeReportExportExcelOptionatUserAllOptionsST" time="0.001" classname="com.focus.testcases.FinancialReportsXTest">
    <skipped/>
  </testcase> <!-- checkBalanceSheetAnalyzeReportExportExcelOptionatUserAllOptionsST -->
  <testcase name="checkBalanceSheetAnalyzeReportExportPDFOptionatUserAllOptionsST" time="0.0" classname="com.focus.testcases.FinancialReportsXTest">
    <skipped/>
  </testcase> <!-- checkBalanceSheetAnalyzeReportExportPDFOptionatUserAllOptionsST -->
  <testcase name="checkBalanceSheetAnalyzeReportPrintOptionatUserAllOptionsST" time="0.0" classname="com.focus.testcases.FinancialReportsXTest">
    <skipped/>
  </testcase> <!-- checkBalanceSheetAnalyzeReportPrintOptionatUserAllOptionsST -->
  <testcase name="checkBalanceSheetAnalyzeReportSaveOptionatUserAllOptionsST" time="0.0" classname="com.focus.testcases.FinancialReportsXTest">
    <skipped/>
  </testcase> <!-- checkBalanceSheetAnalyzeReportSaveOptionatUserAllOptionsST -->
  <testcase name="checkLoginWithSUAgain" time="0.0" classname="com.focus.testcases.FinancialReportsXTest">
    <skipped/>
  </testcase> <!-- checkLoginWithSUAgain -->
  <testcase name="checkFinanacialLedgerReportwithDateRangeasCurrentMonth" time="0.0" classname="com.focus.testcases.FinancialReportsXTest">
    <skipped/>
  </testcase> <!-- checkFinanacialLedgerReportwithDateRangeasCurrentMonth -->
  <testcase name="checkFinanacialLedgerReportwithDateRangeasPreviousMonth" time="0.0" classname="com.focus.testcases.FinancialReportsXTest">
    <skipped/>
  </testcase> <!-- checkFinanacialLedgerReportwithDateRangeasPreviousMonth -->
  <testcase name="checkFinanacialLedgerReportwithDateRangeasCurrentWeek" time="0.0" classname="com.focus.testcases.FinancialReportsXTest">
    <skipped/>
  </testcase> <!-- checkFinanacialLedgerReportwithDateRangeasCurrentWeek -->
  <testcase name="checkFinanacialLedgerReportwithDateRangeasPreviousWeek" time="0.0" classname="com.focus.testcases.FinancialReportsXTest">
    <skipped/>
  </testcase> <!-- checkFinanacialLedgerReportwithDateRangeasPreviousWeek -->
  <testcase name="checkFinanacialLedgerReportwithDateRangeasToday" time="0.0" classname="com.focus.testcases.FinancialReportsXTest">
    <skipped/>
  </testcase> <!-- checkFinanacialLedgerReportwithDateRangeasToday -->
  <testcase name="checkFinanacialLedgerReportwithDateRangeasCurrentYear" time="0.0" classname="com.focus.testcases.FinancialReportsXTest">
    <skipped/>
  </testcase> <!-- checkFinanacialLedgerReportwithDateRangeasCurrentYear -->
  <testcase name="checkFinanacialLedgerReportwithDateRangeasPreviousYear" time="0.0" classname="com.focus.testcases.FinancialReportsXTest">
    <skipped/>
  </testcase> <!-- checkFinanacialLedgerReportwithDateRangeasPreviousYear -->
  <testcase name="checkFinanacialLedgerReportwithDateRangeasCurrentFinancialYear" time="0.0" classname="com.focus.testcases.FinancialReportsXTest">
    <skipped/>
  </testcase> <!-- checkFinanacialLedgerReportwithDateRangeasCurrentFinancialYear -->
  <testcase name="checkFinanacialLedgerReportwithDateRangeasYesterDay" time="0.0" classname="com.focus.testcases.FinancialReportsXTest">
    <skipped/>
  </testcase> <!-- checkFinanacialLedgerReportwithDateRangeasYesterDay -->
  <testcase name="checkFinanacialLedgerReportwithDateRangeasCurrentQuarterYear" time="0.0" classname="com.focus.testcases.FinancialReportsXTest">
    <skipped/>
  </testcase> <!-- checkFinanacialLedgerReportwithDateRangeasCurrentQuarterYear -->
  <testcase name="checkFinanacialLedgerReportwithDateRangeasPreviousQuarterYear" time="0.0" classname="com.focus.testcases.FinancialReportsXTest">
    <skipped/>
  </testcase> <!-- checkFinanacialLedgerReportwithDateRangeasPreviousQuarterYear -->
  <testcase name="checkTrailBalanceReportwithDateRangeasCurrentMonth" time="0.0" classname="com.focus.testcases.FinancialReportsXTest">
    <skipped/>
  </testcase> <!-- checkTrailBalanceReportwithDateRangeasCurrentMonth -->
  <testcase name="checkTrailBalanceReportwithDateRangeasPreviousMonth" time="0.0" classname="com.focus.testcases.FinancialReportsXTest">
    <skipped/>
  </testcase> <!-- checkTrailBalanceReportwithDateRangeasPreviousMonth -->
  <testcase name="checkTrailBalanceReportwithDateRangeasCurrentWeek" time="0.0" classname="com.focus.testcases.FinancialReportsXTest">
    <skipped/>
  </testcase> <!-- checkTrailBalanceReportwithDateRangeasCurrentWeek -->
  <testcase name="checkTrailBalanceReportwithDateRangeasPreviousWeek" time="0.0" classname="com.focus.testcases.FinancialReportsXTest">
    <skipped/>
  </testcase> <!-- checkTrailBalanceReportwithDateRangeasPreviousWeek -->
  <testcase name="checkTrailBalanceReportwithDateRangeasToday" time="0.0" classname="com.focus.testcases.FinancialReportsXTest">
    <skipped/>
  </testcase> <!-- checkTrailBalanceReportwithDateRangeasToday -->
  <testcase name="checkTrailBalanceReportwithDateRangeasCurrentYear" time="0.0" classname="com.focus.testcases.FinancialReportsXTest">
    <skipped/>
  </testcase> <!-- checkTrailBalanceReportwithDateRangeasCurrentYear -->
  <testcase name="checkTrailBalanceReportwithDateRangeasPreviousYear" time="0.0" classname="com.focus.testcases.FinancialReportsXTest">
    <skipped/>
  </testcase> <!-- checkTrailBalanceReportwithDateRangeasPreviousYear -->
  <testcase name="checkTrailBalanceReportwithDateRangeasCurrentFinancialYear" time="0.0" classname="com.focus.testcases.FinancialReportsXTest">
    <skipped/>
  </testcase> <!-- checkTrailBalanceReportwithDateRangeasCurrentFinancialYear -->
  <testcase name="checkTrailBalanceReportwithDateRangeasYesterDay" time="0.0" classname="com.focus.testcases.FinancialReportsXTest">
    <skipped/>
  </testcase> <!-- checkTrailBalanceReportwithDateRangeasYesterDay -->
  <testcase name="checkTrailBalanceReportwithDateRangeasCurrentQuarterYear" time="0.0" classname="com.focus.testcases.FinancialReportsXTest">
    <skipped/>
  </testcase> <!-- checkTrailBalanceReportwithDateRangeasCurrentQuarterYear -->
  <testcase name="checkTrailBalanceReportwithDateRangeasPreviousQuarterYear" time="0.0" classname="com.focus.testcases.FinancialReportsXTest">
    <skipped/>
  </testcase> <!-- checkTrailBalanceReportwithDateRangeasPreviousQuarterYear -->
  <testcase name="checkCustomerStatementReportDateRangeasCurrentMonth" time="0.0" classname="com.focus.testcases.FinancialReportsXTest">
    <skipped/>
  </testcase> <!-- checkCustomerStatementReportDateRangeasCurrentMonth -->
  <testcase name="checkCustomerStatementReportDateRangeasPreviousMonth" time="0.0" classname="com.focus.testcases.FinancialReportsXTest">
    <skipped/>
  </testcase> <!-- checkCustomerStatementReportDateRangeasPreviousMonth -->
  <testcase name="checkCustomerStatementReportDateRangeasCurrentWeek" time="0.0" classname="com.focus.testcases.FinancialReportsXTest">
    <skipped/>
  </testcase> <!-- checkCustomerStatementReportDateRangeasCurrentWeek -->
  <testcase name="checkCustomerStatementReportDateRangeasPreviousWeek" time="0.001" classname="com.focus.testcases.FinancialReportsXTest">
    <skipped/>
  </testcase> <!-- checkCustomerStatementReportDateRangeasPreviousWeek -->
  <testcase name="checkCustomerStatementReportDateRangeasToday" time="0.0" classname="com.focus.testcases.FinancialReportsXTest">
    <skipped/>
  </testcase> <!-- checkCustomerStatementReportDateRangeasToday -->
  <testcase name="checkCustomerStatementReportDateRangeasCurrentYear" time="0.023" classname="com.focus.testcases.FinancialReportsXTest">
    <skipped/>
  </testcase> <!-- checkCustomerStatementReportDateRangeasCurrentYear -->
  <testcase name="checkCustomerStatementReportDateRangeasPreviousYear" time="0.001" classname="com.focus.testcases.FinancialReportsXTest">
    <skipped/>
  </testcase> <!-- checkCustomerStatementReportDateRangeasPreviousYear -->
  <testcase name="checkCustomerStatementReportDateRangeasCurrentFinancialYear" time="0.0" classname="com.focus.testcases.FinancialReportsXTest">
    <skipped/>
  </testcase> <!-- checkCustomerStatementReportDateRangeasCurrentFinancialYear -->
  <testcase name="checkCustomerStatementReportDateRangeasYesterDay" time="0.0" classname="com.focus.testcases.FinancialReportsXTest">
    <skipped/>
  </testcase> <!-- checkCustomerStatementReportDateRangeasYesterDay -->
  <testcase name="checkCustomerStatementReportDateRangeasCurrentQuarter" time="0.0" classname="com.focus.testcases.FinancialReportsXTest">
    <skipped/>
  </testcase> <!-- checkCustomerStatementReportDateRangeasCurrentQuarter -->
  <testcase name="checkCustomerStatementReportDateRangeasPreviousQuarter" time="0.0" classname="com.focus.testcases.FinancialReportsXTest">
    <skipped/>
  </testcase> <!-- checkCustomerStatementReportDateRangeasPreviousQuarter -->
  <testcase name="checkFinancialLedgerWithMovedAccountOnlyChkBox" time="0.0" classname="com.focus.testcases.FinancialReportsXTest">
    <skipped/>
  </testcase> <!-- checkFinancialLedgerWithMovedAccountOnlyChkBox -->
  <testcase name="checkFinancialLedgerWithPrintAccountIndexChkBox" time="0.0" classname="com.focus.testcases.FinancialReportsXTest">
    <skipped/>
  </testcase> <!-- checkFinancialLedgerWithPrintAccountIndexChkBox -->
  <testcase name="checkFinancialLedgerPrintasStatementofAccountChkBox" time="0.0" classname="com.focus.testcases.FinancialReportsXTest">
    <skipped/>
  </testcase> <!-- checkFinancialLedgerPrintasStatementofAccountChkBox -->
  <testcase name="checkFinancialLedgerDisplayUnrelizedProfitLossChkBox" time="0.0" classname="com.focus.testcases.FinancialReportsXTest">
    <skipped/>
  </testcase> <!-- checkFinancialLedgerDisplayUnrelizedProfitLossChkBox -->
  <testcase name="checkFinancialLedgerIgnoreConvertedPDCChkBox" time="0.0" classname="com.focus.testcases.FinancialReportsXTest">
    <skipped/>
  </testcase> <!-- checkFinancialLedgerIgnoreConvertedPDCChkBox -->
  <testcase name="checkFinancialLedgerDisplayMaturedPDCChkBox" time="0.001" classname="com.focus.testcases.FinancialReportsXTest">
    <skipped/>
  </testcase> <!-- checkFinancialLedgerDisplayMaturedPDCChkBox -->
  <testcase name="checkFinancialLedgerReportforInfoBtnatHomePage" time="0.0" classname="com.focus.testcases.FinancialReportsXTest">
    <skipped/>
  </testcase> <!-- checkFinancialLedgerReportforInfoBtnatHomePage -->
  <testcase name="checkFinancialLedgerReportforInfoBtnatEntryPage" time="0.0" classname="com.focus.testcases.FinancialReportsXTest">
    <skipped/>
  </testcase> <!-- checkFinancialLedgerReportforInfoBtnatEntryPage -->
  <testcase name="checkVoucherHeaderDetailsByDoubleClickinLedgerReport" time="0.0" classname="com.focus.testcases.FinancialReportsXTest">
    <skipped/>
  </testcase> <!-- checkVoucherHeaderDetailsByDoubleClickinLedgerReport -->
</testsuite> <!-- Default test -->
